ARM GAS  /tmp/ccIrMoGI.s 			page 1


   1              		.cpu cortex-m4
   2              		.eabi_attribute 27, 1
   3              		.eabi_attribute 28, 1
   4              		.eabi_attribute 20, 1
   5              		.eabi_attribute 21, 1
   6              		.eabi_attribute 23, 3
   7              		.eabi_attribute 24, 1
   8              		.eabi_attribute 25, 1
   9              		.eabi_attribute 26, 1
  10              		.eabi_attribute 30, 1
  11              		.eabi_attribute 34, 1
  12              		.eabi_attribute 18, 4
  13              		.file	"stm32f4xx_hal_msp.c"
  14              		.text
  15              	.Ltext0:
  16              		.cfi_sections	.debug_frame
  17              		.section	.text.HAL_MspInit,"ax",%progbits
  18              		.align	1
  19              		.global	HAL_MspInit
  20              		.arch armv7e-m
  21              		.syntax unified
  22              		.thumb
  23              		.thumb_func
  24              		.fpu fpv4-sp-d16
  26              	HAL_MspInit:
  27              	.LFB134:
  28              		.file 1 "Core/Src/stm32f4xx_hal_msp.c"
   1:Core/Src/stm32f4xx_hal_msp.c **** /* USER CODE BEGIN Header */
   2:Core/Src/stm32f4xx_hal_msp.c **** /**
   3:Core/Src/stm32f4xx_hal_msp.c ****   ******************************************************************************
   4:Core/Src/stm32f4xx_hal_msp.c ****   * @file         stm32f4xx_hal_msp.c
   5:Core/Src/stm32f4xx_hal_msp.c ****   * @brief        This file provides code for the MSP Initialization
   6:Core/Src/stm32f4xx_hal_msp.c ****   *               and de-Initialization codes.
   7:Core/Src/stm32f4xx_hal_msp.c ****   ******************************************************************************
   8:Core/Src/stm32f4xx_hal_msp.c ****   * @attention
   9:Core/Src/stm32f4xx_hal_msp.c ****   *
  10:Core/Src/stm32f4xx_hal_msp.c ****   * Copyright (c) 2026 STMicroelectronics.
  11:Core/Src/stm32f4xx_hal_msp.c ****   * All rights reserved.
  12:Core/Src/stm32f4xx_hal_msp.c ****   *
  13:Core/Src/stm32f4xx_hal_msp.c ****   * This software is licensed under terms that can be found in the LICENSE file
  14:Core/Src/stm32f4xx_hal_msp.c ****   * in the root directory of this software component.
  15:Core/Src/stm32f4xx_hal_msp.c ****   * If no LICENSE file comes with this software, it is provided AS-IS.
  16:Core/Src/stm32f4xx_hal_msp.c ****   *
  17:Core/Src/stm32f4xx_hal_msp.c ****   ******************************************************************************
  18:Core/Src/stm32f4xx_hal_msp.c ****   */
  19:Core/Src/stm32f4xx_hal_msp.c **** /* USER CODE END Header */
  20:Core/Src/stm32f4xx_hal_msp.c **** /* Includes ------------------------------------------------------------------*/
  21:Core/Src/stm32f4xx_hal_msp.c **** #include "main.h"
  22:Core/Src/stm32f4xx_hal_msp.c **** /* USER CODE BEGIN Includes */
  23:Core/Src/stm32f4xx_hal_msp.c **** 
  24:Core/Src/stm32f4xx_hal_msp.c **** /* USER CODE END Includes */
  25:Core/Src/stm32f4xx_hal_msp.c **** extern DMA_HandleTypeDef hdma_usart6_rx;
  26:Core/Src/stm32f4xx_hal_msp.c **** 
  27:Core/Src/stm32f4xx_hal_msp.c **** extern DMA_HandleTypeDef hdma_usart6_tx;
  28:Core/Src/stm32f4xx_hal_msp.c **** 
  29:Core/Src/stm32f4xx_hal_msp.c **** /* Private typedef -----------------------------------------------------------*/
  30:Core/Src/stm32f4xx_hal_msp.c **** /* USER CODE BEGIN TD */
ARM GAS  /tmp/ccIrMoGI.s 			page 2


  31:Core/Src/stm32f4xx_hal_msp.c **** 
  32:Core/Src/stm32f4xx_hal_msp.c **** /* USER CODE END TD */
  33:Core/Src/stm32f4xx_hal_msp.c **** 
  34:Core/Src/stm32f4xx_hal_msp.c **** /* Private define ------------------------------------------------------------*/
  35:Core/Src/stm32f4xx_hal_msp.c **** /* USER CODE BEGIN Define */
  36:Core/Src/stm32f4xx_hal_msp.c **** 
  37:Core/Src/stm32f4xx_hal_msp.c **** /* USER CODE END Define */
  38:Core/Src/stm32f4xx_hal_msp.c **** 
  39:Core/Src/stm32f4xx_hal_msp.c **** /* Private macro -------------------------------------------------------------*/
  40:Core/Src/stm32f4xx_hal_msp.c **** /* USER CODE BEGIN Macro */
  41:Core/Src/stm32f4xx_hal_msp.c **** 
  42:Core/Src/stm32f4xx_hal_msp.c **** /* USER CODE END Macro */
  43:Core/Src/stm32f4xx_hal_msp.c **** 
  44:Core/Src/stm32f4xx_hal_msp.c **** /* Private variables ---------------------------------------------------------*/
  45:Core/Src/stm32f4xx_hal_msp.c **** /* USER CODE BEGIN PV */
  46:Core/Src/stm32f4xx_hal_msp.c **** 
  47:Core/Src/stm32f4xx_hal_msp.c **** /* USER CODE END PV */
  48:Core/Src/stm32f4xx_hal_msp.c **** 
  49:Core/Src/stm32f4xx_hal_msp.c **** /* Private function prototypes -----------------------------------------------*/
  50:Core/Src/stm32f4xx_hal_msp.c **** /* USER CODE BEGIN PFP */
  51:Core/Src/stm32f4xx_hal_msp.c **** 
  52:Core/Src/stm32f4xx_hal_msp.c **** /* USER CODE END PFP */
  53:Core/Src/stm32f4xx_hal_msp.c **** 
  54:Core/Src/stm32f4xx_hal_msp.c **** /* External functions --------------------------------------------------------*/
  55:Core/Src/stm32f4xx_hal_msp.c **** /* USER CODE BEGIN ExternalFunctions */
  56:Core/Src/stm32f4xx_hal_msp.c **** 
  57:Core/Src/stm32f4xx_hal_msp.c **** /* USER CODE END ExternalFunctions */
  58:Core/Src/stm32f4xx_hal_msp.c **** 
  59:Core/Src/stm32f4xx_hal_msp.c **** /* USER CODE BEGIN 0 */
  60:Core/Src/stm32f4xx_hal_msp.c **** 
  61:Core/Src/stm32f4xx_hal_msp.c **** /* USER CODE END 0 */
  62:Core/Src/stm32f4xx_hal_msp.c **** /**
  63:Core/Src/stm32f4xx_hal_msp.c ****   * Initializes the Global MSP.
  64:Core/Src/stm32f4xx_hal_msp.c ****   */
  65:Core/Src/stm32f4xx_hal_msp.c **** void HAL_MspInit(void)
  66:Core/Src/stm32f4xx_hal_msp.c **** {
  29              		.loc 1 66 1 view -0
  30              		.cfi_startproc
  31              		@ args = 0, pretend = 0, frame = 8
  32              		@ frame_needed = 0, uses_anonymous_args = 0
  33 0000 00B5     		push	{lr}
  34              	.LCFI0:
  35              		.cfi_def_cfa_offset 4
  36              		.cfi_offset 14, -4
  37 0002 83B0     		sub	sp, sp, #12
  38              	.LCFI1:
  39              		.cfi_def_cfa_offset 16
  67:Core/Src/stm32f4xx_hal_msp.c **** 
  68:Core/Src/stm32f4xx_hal_msp.c ****   /* USER CODE BEGIN MspInit 0 */
  69:Core/Src/stm32f4xx_hal_msp.c **** 
  70:Core/Src/stm32f4xx_hal_msp.c ****   /* USER CODE END MspInit 0 */
  71:Core/Src/stm32f4xx_hal_msp.c **** 
  72:Core/Src/stm32f4xx_hal_msp.c ****   __HAL_RCC_SYSCFG_CLK_ENABLE();
  40              		.loc 1 72 3 view .LVU1
  41              	.LBB2:
  42              		.loc 1 72 3 view .LVU2
  43 0004 0022     		movs	r2, #0
ARM GAS  /tmp/ccIrMoGI.s 			page 3


  44 0006 0092     		str	r2, [sp]
  45              		.loc 1 72 3 view .LVU3
  46 0008 0D4B     		ldr	r3, .L3
  47 000a 596C     		ldr	r1, [r3, #68]
  48 000c 41F48041 		orr	r1, r1, #16384
  49 0010 5964     		str	r1, [r3, #68]
  50              		.loc 1 72 3 view .LVU4
  51 0012 596C     		ldr	r1, [r3, #68]
  52 0014 01F48041 		and	r1, r1, #16384
  53 0018 0091     		str	r1, [sp]
  54              		.loc 1 72 3 view .LVU5
  55 001a 0099     		ldr	r1, [sp]
  56              	.LBE2:
  57              		.loc 1 72 3 view .LVU6
  73:Core/Src/stm32f4xx_hal_msp.c ****   __HAL_RCC_PWR_CLK_ENABLE();
  58              		.loc 1 73 3 view .LVU7
  59              	.LBB3:
  60              		.loc 1 73 3 view .LVU8
  61 001c 0192     		str	r2, [sp, #4]
  62              		.loc 1 73 3 view .LVU9
  63 001e 196C     		ldr	r1, [r3, #64]
  64 0020 41F08051 		orr	r1, r1, #268435456
  65 0024 1964     		str	r1, [r3, #64]
  66              		.loc 1 73 3 view .LVU10
  67 0026 1B6C     		ldr	r3, [r3, #64]
  68 0028 03F08053 		and	r3, r3, #268435456
  69 002c 0193     		str	r3, [sp, #4]
  70              		.loc 1 73 3 view .LVU11
  71 002e 019B     		ldr	r3, [sp, #4]
  72              	.LBE3:
  73              		.loc 1 73 3 view .LVU12
  74:Core/Src/stm32f4xx_hal_msp.c **** 
  75:Core/Src/stm32f4xx_hal_msp.c ****   /* System interrupt init*/
  76:Core/Src/stm32f4xx_hal_msp.c ****   /* PendSV_IRQn interrupt configuration */
  77:Core/Src/stm32f4xx_hal_msp.c ****   HAL_NVIC_SetPriority(PendSV_IRQn, 15, 0);
  74              		.loc 1 77 3 view .LVU13
  75 0030 0F21     		movs	r1, #15
  76 0032 6FF00100 		mvn	r0, #1
  77 0036 FFF7FEFF 		bl	HAL_NVIC_SetPriority
  78              	.LVL0:
  78:Core/Src/stm32f4xx_hal_msp.c **** 
  79:Core/Src/stm32f4xx_hal_msp.c ****   /* USER CODE BEGIN MspInit 1 */
  80:Core/Src/stm32f4xx_hal_msp.c **** 
  81:Core/Src/stm32f4xx_hal_msp.c ****   /* USER CODE END MspInit 1 */
  82:Core/Src/stm32f4xx_hal_msp.c **** }
  79              		.loc 1 82 1 is_stmt 0 view .LVU14
  80 003a 03B0     		add	sp, sp, #12
  81              	.LCFI2:
  82              		.cfi_def_cfa_offset 4
  83              		@ sp needed
  84 003c 5DF804FB 		ldr	pc, [sp], #4
  85              	.L4:
  86              		.align	2
  87              	.L3:
  88 0040 00380240 		.word	1073887232
  89              		.cfi_endproc
  90              	.LFE134:
ARM GAS  /tmp/ccIrMoGI.s 			page 4


  92              		.section	.text.HAL_UART_MspInit,"ax",%progbits
  93              		.align	1
  94              		.global	HAL_UART_MspInit
  95              		.syntax unified
  96              		.thumb
  97              		.thumb_func
  98              		.fpu fpv4-sp-d16
 100              	HAL_UART_MspInit:
 101              	.LVL1:
 102              	.LFB135:
  83:Core/Src/stm32f4xx_hal_msp.c **** 
  84:Core/Src/stm32f4xx_hal_msp.c **** /**
  85:Core/Src/stm32f4xx_hal_msp.c ****   * @brief UART MSP Initialization
  86:Core/Src/stm32f4xx_hal_msp.c ****   * This function configures the hardware resources used in this example
  87:Core/Src/stm32f4xx_hal_msp.c ****   * @param huart: UART handle pointer
  88:Core/Src/stm32f4xx_hal_msp.c ****   * @retval None
  89:Core/Src/stm32f4xx_hal_msp.c ****   */
  90:Core/Src/stm32f4xx_hal_msp.c **** void HAL_UART_MspInit(UART_HandleTypeDef* huart)
  91:Core/Src/stm32f4xx_hal_msp.c **** {
 103              		.loc 1 91 1 is_stmt 1 view -0
 104              		.cfi_startproc
 105              		@ args = 0, pretend = 0, frame = 32
 106              		@ frame_needed = 0, uses_anonymous_args = 0
 107              		.loc 1 91 1 is_stmt 0 view .LVU16
 108 0000 30B5     		push	{r4, r5, lr}
 109              	.LCFI3:
 110              		.cfi_def_cfa_offset 12
 111              		.cfi_offset 4, -12
 112              		.cfi_offset 5, -8
 113              		.cfi_offset 14, -4
 114 0002 89B0     		sub	sp, sp, #36
 115              	.LCFI4:
 116              		.cfi_def_cfa_offset 48
  92:Core/Src/stm32f4xx_hal_msp.c ****   GPIO_InitTypeDef GPIO_InitStruct = {0};
 117              		.loc 1 92 3 is_stmt 1 view .LVU17
 118              		.loc 1 92 20 is_stmt 0 view .LVU18
 119 0004 0023     		movs	r3, #0
 120 0006 0393     		str	r3, [sp, #12]
 121 0008 0493     		str	r3, [sp, #16]
 122 000a 0593     		str	r3, [sp, #20]
 123 000c 0693     		str	r3, [sp, #24]
 124 000e 0793     		str	r3, [sp, #28]
  93:Core/Src/stm32f4xx_hal_msp.c ****   if(huart->Instance==USART6)
 125              		.loc 1 93 3 is_stmt 1 view .LVU19
 126              		.loc 1 93 11 is_stmt 0 view .LVU20
 127 0010 0268     		ldr	r2, [r0]
 128              		.loc 1 93 5 view .LVU21
 129 0012 334B     		ldr	r3, .L13
 130 0014 9A42     		cmp	r2, r3
 131 0016 01D0     		beq	.L10
 132              	.LVL2:
 133              	.L5:
  94:Core/Src/stm32f4xx_hal_msp.c ****   {
  95:Core/Src/stm32f4xx_hal_msp.c ****     /* USER CODE BEGIN USART6_MspInit 0 */
  96:Core/Src/stm32f4xx_hal_msp.c **** 
  97:Core/Src/stm32f4xx_hal_msp.c ****     /* USER CODE END USART6_MspInit 0 */
  98:Core/Src/stm32f4xx_hal_msp.c ****     /* Peripheral clock enable */
ARM GAS  /tmp/ccIrMoGI.s 			page 5


  99:Core/Src/stm32f4xx_hal_msp.c ****     __HAL_RCC_USART6_CLK_ENABLE();
 100:Core/Src/stm32f4xx_hal_msp.c **** 
 101:Core/Src/stm32f4xx_hal_msp.c ****     __HAL_RCC_GPIOC_CLK_ENABLE();
 102:Core/Src/stm32f4xx_hal_msp.c ****     /**USART6 GPIO Configuration
 103:Core/Src/stm32f4xx_hal_msp.c ****     PC6     ------> USART6_TX
 104:Core/Src/stm32f4xx_hal_msp.c ****     PC7     ------> USART6_RX
 105:Core/Src/stm32f4xx_hal_msp.c ****     */
 106:Core/Src/stm32f4xx_hal_msp.c ****     GPIO_InitStruct.Pin = GPIO_PIN_6|GPIO_PIN_7;
 107:Core/Src/stm32f4xx_hal_msp.c ****     GPIO_InitStruct.Mode = GPIO_MODE_AF_PP;
 108:Core/Src/stm32f4xx_hal_msp.c ****     GPIO_InitStruct.Pull = GPIO_NOPULL;
 109:Core/Src/stm32f4xx_hal_msp.c ****     GPIO_InitStruct.Speed = GPIO_SPEED_FREQ_VERY_HIGH;
 110:Core/Src/stm32f4xx_hal_msp.c ****     GPIO_InitStruct.Alternate = GPIO_AF8_USART6;
 111:Core/Src/stm32f4xx_hal_msp.c ****     HAL_GPIO_Init(GPIOC, &GPIO_InitStruct);
 112:Core/Src/stm32f4xx_hal_msp.c **** 
 113:Core/Src/stm32f4xx_hal_msp.c ****     /* USART6 DMA Init */
 114:Core/Src/stm32f4xx_hal_msp.c ****     /* USART6_RX Init */
 115:Core/Src/stm32f4xx_hal_msp.c ****     hdma_usart6_rx.Instance = DMA2_Stream1;
 116:Core/Src/stm32f4xx_hal_msp.c ****     hdma_usart6_rx.Init.Channel = DMA_CHANNEL_5;
 117:Core/Src/stm32f4xx_hal_msp.c ****     hdma_usart6_rx.Init.Direction = DMA_PERIPH_TO_MEMORY;
 118:Core/Src/stm32f4xx_hal_msp.c ****     hdma_usart6_rx.Init.PeriphInc = DMA_PINC_DISABLE;
 119:Core/Src/stm32f4xx_hal_msp.c ****     hdma_usart6_rx.Init.MemInc = DMA_MINC_ENABLE;
 120:Core/Src/stm32f4xx_hal_msp.c ****     hdma_usart6_rx.Init.PeriphDataAlignment = DMA_PDATAALIGN_BYTE;
 121:Core/Src/stm32f4xx_hal_msp.c ****     hdma_usart6_rx.Init.MemDataAlignment = DMA_MDATAALIGN_BYTE;
 122:Core/Src/stm32f4xx_hal_msp.c ****     hdma_usart6_rx.Init.Mode = DMA_NORMAL;
 123:Core/Src/stm32f4xx_hal_msp.c ****     hdma_usart6_rx.Init.Priority = DMA_PRIORITY_LOW;
 124:Core/Src/stm32f4xx_hal_msp.c ****     hdma_usart6_rx.Init.FIFOMode = DMA_FIFOMODE_DISABLE;
 125:Core/Src/stm32f4xx_hal_msp.c ****     if (HAL_DMA_Init(&hdma_usart6_rx) != HAL_OK)
 126:Core/Src/stm32f4xx_hal_msp.c ****     {
 127:Core/Src/stm32f4xx_hal_msp.c ****       Error_Handler();
 128:Core/Src/stm32f4xx_hal_msp.c ****     }
 129:Core/Src/stm32f4xx_hal_msp.c **** 
 130:Core/Src/stm32f4xx_hal_msp.c ****     __HAL_LINKDMA(huart,hdmarx,hdma_usart6_rx);
 131:Core/Src/stm32f4xx_hal_msp.c **** 
 132:Core/Src/stm32f4xx_hal_msp.c ****     /* USART6_TX Init */
 133:Core/Src/stm32f4xx_hal_msp.c ****     hdma_usart6_tx.Instance = DMA2_Stream6;
 134:Core/Src/stm32f4xx_hal_msp.c ****     hdma_usart6_tx.Init.Channel = DMA_CHANNEL_5;
 135:Core/Src/stm32f4xx_hal_msp.c ****     hdma_usart6_tx.Init.Direction = DMA_MEMORY_TO_PERIPH;
 136:Core/Src/stm32f4xx_hal_msp.c ****     hdma_usart6_tx.Init.PeriphInc = DMA_PINC_DISABLE;
 137:Core/Src/stm32f4xx_hal_msp.c ****     hdma_usart6_tx.Init.MemInc = DMA_MINC_ENABLE;
 138:Core/Src/stm32f4xx_hal_msp.c ****     hdma_usart6_tx.Init.PeriphDataAlignment = DMA_PDATAALIGN_BYTE;
 139:Core/Src/stm32f4xx_hal_msp.c ****     hdma_usart6_tx.Init.MemDataAlignment = DMA_MDATAALIGN_BYTE;
 140:Core/Src/stm32f4xx_hal_msp.c ****     hdma_usart6_tx.Init.Mode = DMA_NORMAL;
 141:Core/Src/stm32f4xx_hal_msp.c ****     hdma_usart6_tx.Init.Priority = DMA_PRIORITY_LOW;
 142:Core/Src/stm32f4xx_hal_msp.c ****     hdma_usart6_tx.Init.FIFOMode = DMA_FIFOMODE_DISABLE;
 143:Core/Src/stm32f4xx_hal_msp.c ****     if (HAL_DMA_Init(&hdma_usart6_tx) != HAL_OK)
 144:Core/Src/stm32f4xx_hal_msp.c ****     {
 145:Core/Src/stm32f4xx_hal_msp.c ****       Error_Handler();
 146:Core/Src/stm32f4xx_hal_msp.c ****     }
 147:Core/Src/stm32f4xx_hal_msp.c **** 
 148:Core/Src/stm32f4xx_hal_msp.c ****     __HAL_LINKDMA(huart,hdmatx,hdma_usart6_tx);
 149:Core/Src/stm32f4xx_hal_msp.c **** 
 150:Core/Src/stm32f4xx_hal_msp.c ****     /* USART6 interrupt Init */
 151:Core/Src/stm32f4xx_hal_msp.c ****     HAL_NVIC_SetPriority(USART6_IRQn, 5, 0);
 152:Core/Src/stm32f4xx_hal_msp.c ****     HAL_NVIC_EnableIRQ(USART6_IRQn);
 153:Core/Src/stm32f4xx_hal_msp.c ****     /* USER CODE BEGIN USART6_MspInit 1 */
 154:Core/Src/stm32f4xx_hal_msp.c **** 
 155:Core/Src/stm32f4xx_hal_msp.c ****     /* USER CODE END USART6_MspInit 1 */
ARM GAS  /tmp/ccIrMoGI.s 			page 6


 156:Core/Src/stm32f4xx_hal_msp.c **** 
 157:Core/Src/stm32f4xx_hal_msp.c ****   }
 158:Core/Src/stm32f4xx_hal_msp.c **** 
 159:Core/Src/stm32f4xx_hal_msp.c **** }
 134              		.loc 1 159 1 view .LVU22
 135 0018 09B0     		add	sp, sp, #36
 136              	.LCFI5:
 137              		.cfi_remember_state
 138              		.cfi_def_cfa_offset 12
 139              		@ sp needed
 140 001a 30BD     		pop	{r4, r5, pc}
 141              	.LVL3:
 142              	.L10:
 143              	.LCFI6:
 144              		.cfi_restore_state
 145              		.loc 1 159 1 view .LVU23
 146 001c 0446     		mov	r4, r0
  99:Core/Src/stm32f4xx_hal_msp.c **** 
 147              		.loc 1 99 5 is_stmt 1 view .LVU24
 148              	.LBB4:
  99:Core/Src/stm32f4xx_hal_msp.c **** 
 149              		.loc 1 99 5 view .LVU25
 150 001e 0025     		movs	r5, #0
 151 0020 0195     		str	r5, [sp, #4]
  99:Core/Src/stm32f4xx_hal_msp.c **** 
 152              		.loc 1 99 5 view .LVU26
 153 0022 03F59233 		add	r3, r3, #74752
 154 0026 5A6C     		ldr	r2, [r3, #68]
 155 0028 42F02002 		orr	r2, r2, #32
 156 002c 5A64     		str	r2, [r3, #68]
  99:Core/Src/stm32f4xx_hal_msp.c **** 
 157              		.loc 1 99 5 view .LVU27
 158 002e 5A6C     		ldr	r2, [r3, #68]
 159 0030 02F02002 		and	r2, r2, #32
 160 0034 0192     		str	r2, [sp, #4]
  99:Core/Src/stm32f4xx_hal_msp.c **** 
 161              		.loc 1 99 5 view .LVU28
 162 0036 019A     		ldr	r2, [sp, #4]
 163              	.LBE4:
  99:Core/Src/stm32f4xx_hal_msp.c **** 
 164              		.loc 1 99 5 view .LVU29
 101:Core/Src/stm32f4xx_hal_msp.c ****     /**USART6 GPIO Configuration
 165              		.loc 1 101 5 view .LVU30
 166              	.LBB5:
 101:Core/Src/stm32f4xx_hal_msp.c ****     /**USART6 GPIO Configuration
 167              		.loc 1 101 5 view .LVU31
 168 0038 0295     		str	r5, [sp, #8]
 101:Core/Src/stm32f4xx_hal_msp.c ****     /**USART6 GPIO Configuration
 169              		.loc 1 101 5 view .LVU32
 170 003a 1A6B     		ldr	r2, [r3, #48]
 171 003c 42F00402 		orr	r2, r2, #4
 172 0040 1A63     		str	r2, [r3, #48]
 101:Core/Src/stm32f4xx_hal_msp.c ****     /**USART6 GPIO Configuration
 173              		.loc 1 101 5 view .LVU33
 174 0042 1B6B     		ldr	r3, [r3, #48]
 175 0044 03F00403 		and	r3, r3, #4
 176 0048 0293     		str	r3, [sp, #8]
ARM GAS  /tmp/ccIrMoGI.s 			page 7


 101:Core/Src/stm32f4xx_hal_msp.c ****     /**USART6 GPIO Configuration
 177              		.loc 1 101 5 view .LVU34
 178 004a 029B     		ldr	r3, [sp, #8]
 179              	.LBE5:
 101:Core/Src/stm32f4xx_hal_msp.c ****     /**USART6 GPIO Configuration
 180              		.loc 1 101 5 view .LVU35
 106:Core/Src/stm32f4xx_hal_msp.c ****     GPIO_InitStruct.Mode = GPIO_MODE_AF_PP;
 181              		.loc 1 106 5 view .LVU36
 106:Core/Src/stm32f4xx_hal_msp.c ****     GPIO_InitStruct.Mode = GPIO_MODE_AF_PP;
 182              		.loc 1 106 25 is_stmt 0 view .LVU37
 183 004c C023     		movs	r3, #192
 184 004e 0393     		str	r3, [sp, #12]
 107:Core/Src/stm32f4xx_hal_msp.c ****     GPIO_InitStruct.Pull = GPIO_NOPULL;
 185              		.loc 1 107 5 is_stmt 1 view .LVU38
 107:Core/Src/stm32f4xx_hal_msp.c ****     GPIO_InitStruct.Pull = GPIO_NOPULL;
 186              		.loc 1 107 26 is_stmt 0 view .LVU39
 187 0050 0223     		movs	r3, #2
 188 0052 0493     		str	r3, [sp, #16]
 108:Core/Src/stm32f4xx_hal_msp.c ****     GPIO_InitStruct.Speed = GPIO_SPEED_FREQ_VERY_HIGH;
 189              		.loc 1 108 5 is_stmt 1 view .LVU40
 109:Core/Src/stm32f4xx_hal_msp.c ****     GPIO_InitStruct.Alternate = GPIO_AF8_USART6;
 190              		.loc 1 109 5 view .LVU41
 109:Core/Src/stm32f4xx_hal_msp.c ****     GPIO_InitStruct.Alternate = GPIO_AF8_USART6;
 191              		.loc 1 109 27 is_stmt 0 view .LVU42
 192 0054 0323     		movs	r3, #3
 193 0056 0693     		str	r3, [sp, #24]
 110:Core/Src/stm32f4xx_hal_msp.c ****     HAL_GPIO_Init(GPIOC, &GPIO_InitStruct);
 194              		.loc 1 110 5 is_stmt 1 view .LVU43
 110:Core/Src/stm32f4xx_hal_msp.c ****     HAL_GPIO_Init(GPIOC, &GPIO_InitStruct);
 195              		.loc 1 110 31 is_stmt 0 view .LVU44
 196 0058 0823     		movs	r3, #8
 197 005a 0793     		str	r3, [sp, #28]
 111:Core/Src/stm32f4xx_hal_msp.c **** 
 198              		.loc 1 111 5 is_stmt 1 view .LVU45
 199 005c 03A9     		add	r1, sp, #12
 200 005e 2148     		ldr	r0, .L13+4
 201              	.LVL4:
 111:Core/Src/stm32f4xx_hal_msp.c **** 
 202              		.loc 1 111 5 is_stmt 0 view .LVU46
 203 0060 FFF7FEFF 		bl	HAL_GPIO_Init
 204              	.LVL5:
 115:Core/Src/stm32f4xx_hal_msp.c ****     hdma_usart6_rx.Init.Channel = DMA_CHANNEL_5;
 205              		.loc 1 115 5 is_stmt 1 view .LVU47
 115:Core/Src/stm32f4xx_hal_msp.c ****     hdma_usart6_rx.Init.Channel = DMA_CHANNEL_5;
 206              		.loc 1 115 29 is_stmt 0 view .LVU48
 207 0064 2048     		ldr	r0, .L13+8
 208 0066 214B     		ldr	r3, .L13+12
 209 0068 0360     		str	r3, [r0]
 116:Core/Src/stm32f4xx_hal_msp.c ****     hdma_usart6_rx.Init.Direction = DMA_PERIPH_TO_MEMORY;
 210              		.loc 1 116 5 is_stmt 1 view .LVU49
 116:Core/Src/stm32f4xx_hal_msp.c ****     hdma_usart6_rx.Init.Direction = DMA_PERIPH_TO_MEMORY;
 211              		.loc 1 116 33 is_stmt 0 view .LVU50
 212 006a 4FF02063 		mov	r3, #167772160
 213 006e 4360     		str	r3, [r0, #4]
 117:Core/Src/stm32f4xx_hal_msp.c ****     hdma_usart6_rx.Init.PeriphInc = DMA_PINC_DISABLE;
 214              		.loc 1 117 5 is_stmt 1 view .LVU51
 117:Core/Src/stm32f4xx_hal_msp.c ****     hdma_usart6_rx.Init.PeriphInc = DMA_PINC_DISABLE;
ARM GAS  /tmp/ccIrMoGI.s 			page 8


 215              		.loc 1 117 35 is_stmt 0 view .LVU52
 216 0070 8560     		str	r5, [r0, #8]
 118:Core/Src/stm32f4xx_hal_msp.c ****     hdma_usart6_rx.Init.MemInc = DMA_MINC_ENABLE;
 217              		.loc 1 118 5 is_stmt 1 view .LVU53
 118:Core/Src/stm32f4xx_hal_msp.c ****     hdma_usart6_rx.Init.MemInc = DMA_MINC_ENABLE;
 218              		.loc 1 118 35 is_stmt 0 view .LVU54
 219 0072 C560     		str	r5, [r0, #12]
 119:Core/Src/stm32f4xx_hal_msp.c ****     hdma_usart6_rx.Init.PeriphDataAlignment = DMA_PDATAALIGN_BYTE;
 220              		.loc 1 119 5 is_stmt 1 view .LVU55
 119:Core/Src/stm32f4xx_hal_msp.c ****     hdma_usart6_rx.Init.PeriphDataAlignment = DMA_PDATAALIGN_BYTE;
 221              		.loc 1 119 32 is_stmt 0 view .LVU56
 222 0074 4FF48063 		mov	r3, #1024
 223 0078 0361     		str	r3, [r0, #16]
 120:Core/Src/stm32f4xx_hal_msp.c ****     hdma_usart6_rx.Init.MemDataAlignment = DMA_MDATAALIGN_BYTE;
 224              		.loc 1 120 5 is_stmt 1 view .LVU57
 120:Core/Src/stm32f4xx_hal_msp.c ****     hdma_usart6_rx.Init.MemDataAlignment = DMA_MDATAALIGN_BYTE;
 225              		.loc 1 120 45 is_stmt 0 view .LVU58
 226 007a 4561     		str	r5, [r0, #20]
 121:Core/Src/stm32f4xx_hal_msp.c ****     hdma_usart6_rx.Init.Mode = DMA_NORMAL;
 227              		.loc 1 121 5 is_stmt 1 view .LVU59
 121:Core/Src/stm32f4xx_hal_msp.c ****     hdma_usart6_rx.Init.Mode = DMA_NORMAL;
 228              		.loc 1 121 42 is_stmt 0 view .LVU60
 229 007c 8561     		str	r5, [r0, #24]
 122:Core/Src/stm32f4xx_hal_msp.c ****     hdma_usart6_rx.Init.Priority = DMA_PRIORITY_LOW;
 230              		.loc 1 122 5 is_stmt 1 view .LVU61
 122:Core/Src/stm32f4xx_hal_msp.c ****     hdma_usart6_rx.Init.Priority = DMA_PRIORITY_LOW;
 231              		.loc 1 122 30 is_stmt 0 view .LVU62
 232 007e C561     		str	r5, [r0, #28]
 123:Core/Src/stm32f4xx_hal_msp.c ****     hdma_usart6_rx.Init.FIFOMode = DMA_FIFOMODE_DISABLE;
 233              		.loc 1 123 5 is_stmt 1 view .LVU63
 123:Core/Src/stm32f4xx_hal_msp.c ****     hdma_usart6_rx.Init.FIFOMode = DMA_FIFOMODE_DISABLE;
 234              		.loc 1 123 34 is_stmt 0 view .LVU64
 235 0080 0562     		str	r5, [r0, #32]
 124:Core/Src/stm32f4xx_hal_msp.c ****     if (HAL_DMA_Init(&hdma_usart6_rx) != HAL_OK)
 236              		.loc 1 124 5 is_stmt 1 view .LVU65
 124:Core/Src/stm32f4xx_hal_msp.c ****     if (HAL_DMA_Init(&hdma_usart6_rx) != HAL_OK)
 237              		.loc 1 124 34 is_stmt 0 view .LVU66
 238 0082 4562     		str	r5, [r0, #36]
 125:Core/Src/stm32f4xx_hal_msp.c ****     {
 239              		.loc 1 125 5 is_stmt 1 view .LVU67
 125:Core/Src/stm32f4xx_hal_msp.c ****     {
 240              		.loc 1 125 9 is_stmt 0 view .LVU68
 241 0084 FFF7FEFF 		bl	HAL_DMA_Init
 242              	.LVL6:
 125:Core/Src/stm32f4xx_hal_msp.c ****     {
 243              		.loc 1 125 8 view .LVU69
 244 0088 18BB     		cbnz	r0, .L11
 245              	.L7:
 130:Core/Src/stm32f4xx_hal_msp.c **** 
 246              		.loc 1 130 5 is_stmt 1 view .LVU70
 130:Core/Src/stm32f4xx_hal_msp.c **** 
 247              		.loc 1 130 5 view .LVU71
 248 008a 174B     		ldr	r3, .L13+8
 249 008c E363     		str	r3, [r4, #60]
 130:Core/Src/stm32f4xx_hal_msp.c **** 
 250              		.loc 1 130 5 view .LVU72
 251 008e 9C63     		str	r4, [r3, #56]
ARM GAS  /tmp/ccIrMoGI.s 			page 9


 130:Core/Src/stm32f4xx_hal_msp.c **** 
 252              		.loc 1 130 5 view .LVU73
 133:Core/Src/stm32f4xx_hal_msp.c ****     hdma_usart6_tx.Init.Channel = DMA_CHANNEL_5;
 253              		.loc 1 133 5 view .LVU74
 133:Core/Src/stm32f4xx_hal_msp.c ****     hdma_usart6_tx.Init.Channel = DMA_CHANNEL_5;
 254              		.loc 1 133 29 is_stmt 0 view .LVU75
 255 0090 1748     		ldr	r0, .L13+16
 256 0092 184B     		ldr	r3, .L13+20
 257 0094 0360     		str	r3, [r0]
 134:Core/Src/stm32f4xx_hal_msp.c ****     hdma_usart6_tx.Init.Direction = DMA_MEMORY_TO_PERIPH;
 258              		.loc 1 134 5 is_stmt 1 view .LVU76
 134:Core/Src/stm32f4xx_hal_msp.c ****     hdma_usart6_tx.Init.Direction = DMA_MEMORY_TO_PERIPH;
 259              		.loc 1 134 33 is_stmt 0 view .LVU77
 260 0096 4FF02063 		mov	r3, #167772160
 261 009a 4360     		str	r3, [r0, #4]
 135:Core/Src/stm32f4xx_hal_msp.c ****     hdma_usart6_tx.Init.PeriphInc = DMA_PINC_DISABLE;
 262              		.loc 1 135 5 is_stmt 1 view .LVU78
 135:Core/Src/stm32f4xx_hal_msp.c ****     hdma_usart6_tx.Init.PeriphInc = DMA_PINC_DISABLE;
 263              		.loc 1 135 35 is_stmt 0 view .LVU79
 264 009c 4023     		movs	r3, #64
 265 009e 8360     		str	r3, [r0, #8]
 136:Core/Src/stm32f4xx_hal_msp.c ****     hdma_usart6_tx.Init.MemInc = DMA_MINC_ENABLE;
 266              		.loc 1 136 5 is_stmt 1 view .LVU80
 136:Core/Src/stm32f4xx_hal_msp.c ****     hdma_usart6_tx.Init.MemInc = DMA_MINC_ENABLE;
 267              		.loc 1 136 35 is_stmt 0 view .LVU81
 268 00a0 0023     		movs	r3, #0
 269 00a2 C360     		str	r3, [r0, #12]
 137:Core/Src/stm32f4xx_hal_msp.c ****     hdma_usart6_tx.Init.PeriphDataAlignment = DMA_PDATAALIGN_BYTE;
 270              		.loc 1 137 5 is_stmt 1 view .LVU82
 137:Core/Src/stm32f4xx_hal_msp.c ****     hdma_usart6_tx.Init.PeriphDataAlignment = DMA_PDATAALIGN_BYTE;
 271              		.loc 1 137 32 is_stmt 0 view .LVU83
 272 00a4 4FF48062 		mov	r2, #1024
 273 00a8 0261     		str	r2, [r0, #16]
 138:Core/Src/stm32f4xx_hal_msp.c ****     hdma_usart6_tx.Init.MemDataAlignment = DMA_MDATAALIGN_BYTE;
 274              		.loc 1 138 5 is_stmt 1 view .LVU84
 138:Core/Src/stm32f4xx_hal_msp.c ****     hdma_usart6_tx.Init.MemDataAlignment = DMA_MDATAALIGN_BYTE;
 275              		.loc 1 138 45 is_stmt 0 view .LVU85
 276 00aa 4361     		str	r3, [r0, #20]
 139:Core/Src/stm32f4xx_hal_msp.c ****     hdma_usart6_tx.Init.Mode = DMA_NORMAL;
 277              		.loc 1 139 5 is_stmt 1 view .LVU86
 139:Core/Src/stm32f4xx_hal_msp.c ****     hdma_usart6_tx.Init.Mode = DMA_NORMAL;
 278              		.loc 1 139 42 is_stmt 0 view .LVU87
 279 00ac 8361     		str	r3, [r0, #24]
 140:Core/Src/stm32f4xx_hal_msp.c ****     hdma_usart6_tx.Init.Priority = DMA_PRIORITY_LOW;
 280              		.loc 1 140 5 is_stmt 1 view .LVU88
 140:Core/Src/stm32f4xx_hal_msp.c ****     hdma_usart6_tx.Init.Priority = DMA_PRIORITY_LOW;
 281              		.loc 1 140 30 is_stmt 0 view .LVU89
 282 00ae C361     		str	r3, [r0, #28]
 141:Core/Src/stm32f4xx_hal_msp.c ****     hdma_usart6_tx.Init.FIFOMode = DMA_FIFOMODE_DISABLE;
 283              		.loc 1 141 5 is_stmt 1 view .LVU90
 141:Core/Src/stm32f4xx_hal_msp.c ****     hdma_usart6_tx.Init.FIFOMode = DMA_FIFOMODE_DISABLE;
 284              		.loc 1 141 34 is_stmt 0 view .LVU91
 285 00b0 0362     		str	r3, [r0, #32]
 142:Core/Src/stm32f4xx_hal_msp.c ****     if (HAL_DMA_Init(&hdma_usart6_tx) != HAL_OK)
 286              		.loc 1 142 5 is_stmt 1 view .LVU92
 142:Core/Src/stm32f4xx_hal_msp.c ****     if (HAL_DMA_Init(&hdma_usart6_tx) != HAL_OK)
 287              		.loc 1 142 34 is_stmt 0 view .LVU93
ARM GAS  /tmp/ccIrMoGI.s 			page 10


 288 00b2 4362     		str	r3, [r0, #36]
 143:Core/Src/stm32f4xx_hal_msp.c ****     {
 289              		.loc 1 143 5 is_stmt 1 view .LVU94
 143:Core/Src/stm32f4xx_hal_msp.c ****     {
 290              		.loc 1 143 9 is_stmt 0 view .LVU95
 291 00b4 FFF7FEFF 		bl	HAL_DMA_Init
 292              	.LVL7:
 143:Core/Src/stm32f4xx_hal_msp.c ****     {
 293              		.loc 1 143 8 view .LVU96
 294 00b8 70B9     		cbnz	r0, .L12
 295              	.L8:
 148:Core/Src/stm32f4xx_hal_msp.c **** 
 296              		.loc 1 148 5 is_stmt 1 view .LVU97
 148:Core/Src/stm32f4xx_hal_msp.c **** 
 297              		.loc 1 148 5 view .LVU98
 298 00ba 0D4B     		ldr	r3, .L13+16
 299 00bc A363     		str	r3, [r4, #56]
 148:Core/Src/stm32f4xx_hal_msp.c **** 
 300              		.loc 1 148 5 view .LVU99
 301 00be 9C63     		str	r4, [r3, #56]
 148:Core/Src/stm32f4xx_hal_msp.c **** 
 302              		.loc 1 148 5 view .LVU100
 151:Core/Src/stm32f4xx_hal_msp.c ****     HAL_NVIC_EnableIRQ(USART6_IRQn);
 303              		.loc 1 151 5 view .LVU101
 304 00c0 0022     		movs	r2, #0
 305 00c2 0521     		movs	r1, #5
 306 00c4 4720     		movs	r0, #71
 307 00c6 FFF7FEFF 		bl	HAL_NVIC_SetPriority
 308              	.LVL8:
 152:Core/Src/stm32f4xx_hal_msp.c ****     /* USER CODE BEGIN USART6_MspInit 1 */
 309              		.loc 1 152 5 view .LVU102
 310 00ca 4720     		movs	r0, #71
 311 00cc FFF7FEFF 		bl	HAL_NVIC_EnableIRQ
 312              	.LVL9:
 313              		.loc 1 159 1 is_stmt 0 view .LVU103
 314 00d0 A2E7     		b	.L5
 315              	.L11:
 127:Core/Src/stm32f4xx_hal_msp.c ****     }
 316              		.loc 1 127 7 is_stmt 1 view .LVU104
 317 00d2 FFF7FEFF 		bl	Error_Handler
 318              	.LVL10:
 319 00d6 D8E7     		b	.L7
 320              	.L12:
 145:Core/Src/stm32f4xx_hal_msp.c ****     }
 321              		.loc 1 145 7 view .LVU105
 322 00d8 FFF7FEFF 		bl	Error_Handler
 323              	.LVL11:
 324 00dc EDE7     		b	.L8
 325              	.L14:
 326 00de 00BF     		.align	2
 327              	.L13:
 328 00e0 00140140 		.word	1073812480
 329 00e4 00080240 		.word	1073874944
 330 00e8 00000000 		.word	hdma_usart6_rx
 331 00ec 28640240 		.word	1073898536
 332 00f0 00000000 		.word	hdma_usart6_tx
 333 00f4 A0640240 		.word	1073898656
ARM GAS  /tmp/ccIrMoGI.s 			page 11


 334              		.cfi_endproc
 335              	.LFE135:
 337              		.section	.text.HAL_UART_MspDeInit,"ax",%progbits
 338              		.align	1
 339              		.global	HAL_UART_MspDeInit
 340              		.syntax unified
 341              		.thumb
 342              		.thumb_func
 343              		.fpu fpv4-sp-d16
 345              	HAL_UART_MspDeInit:
 346              	.LVL12:
 347              	.LFB136:
 160:Core/Src/stm32f4xx_hal_msp.c **** 
 161:Core/Src/stm32f4xx_hal_msp.c **** /**
 162:Core/Src/stm32f4xx_hal_msp.c ****   * @brief UART MSP De-Initialization
 163:Core/Src/stm32f4xx_hal_msp.c ****   * This function freeze the hardware resources used in this example
 164:Core/Src/stm32f4xx_hal_msp.c ****   * @param huart: UART handle pointer
 165:Core/Src/stm32f4xx_hal_msp.c ****   * @retval None
 166:Core/Src/stm32f4xx_hal_msp.c ****   */
 167:Core/Src/stm32f4xx_hal_msp.c **** void HAL_UART_MspDeInit(UART_HandleTypeDef* huart)
 168:Core/Src/stm32f4xx_hal_msp.c **** {
 348              		.loc 1 168 1 view -0
 349              		.cfi_startproc
 350              		@ args = 0, pretend = 0, frame = 0
 351              		@ frame_needed = 0, uses_anonymous_args = 0
 169:Core/Src/stm32f4xx_hal_msp.c ****   if(huart->Instance==USART6)
 352              		.loc 1 169 3 view .LVU107
 353              		.loc 1 169 11 is_stmt 0 view .LVU108
 354 0000 0268     		ldr	r2, [r0]
 355              		.loc 1 169 5 view .LVU109
 356 0002 0C4B     		ldr	r3, .L22
 357 0004 9A42     		cmp	r2, r3
 358 0006 00D0     		beq	.L21
 359 0008 7047     		bx	lr
 360              	.L21:
 168:Core/Src/stm32f4xx_hal_msp.c ****   if(huart->Instance==USART6)
 361              		.loc 1 168 1 view .LVU110
 362 000a 10B5     		push	{r4, lr}
 363              	.LCFI7:
 364              		.cfi_def_cfa_offset 8
 365              		.cfi_offset 4, -8
 366              		.cfi_offset 14, -4
 367 000c 0446     		mov	r4, r0
 170:Core/Src/stm32f4xx_hal_msp.c ****   {
 171:Core/Src/stm32f4xx_hal_msp.c ****     /* USER CODE BEGIN USART6_MspDeInit 0 */
 172:Core/Src/stm32f4xx_hal_msp.c **** 
 173:Core/Src/stm32f4xx_hal_msp.c ****     /* USER CODE END USART6_MspDeInit 0 */
 174:Core/Src/stm32f4xx_hal_msp.c ****     /* Peripheral clock disable */
 175:Core/Src/stm32f4xx_hal_msp.c ****     __HAL_RCC_USART6_CLK_DISABLE();
 368              		.loc 1 175 5 is_stmt 1 view .LVU111
 369 000e 0A4A     		ldr	r2, .L22+4
 370 0010 536C     		ldr	r3, [r2, #68]
 371 0012 23F02003 		bic	r3, r3, #32
 372 0016 5364     		str	r3, [r2, #68]
 176:Core/Src/stm32f4xx_hal_msp.c **** 
 177:Core/Src/stm32f4xx_hal_msp.c ****     /**USART6 GPIO Configuration
 178:Core/Src/stm32f4xx_hal_msp.c ****     PC6     ------> USART6_TX
ARM GAS  /tmp/ccIrMoGI.s 			page 12


 179:Core/Src/stm32f4xx_hal_msp.c ****     PC7     ------> USART6_RX
 180:Core/Src/stm32f4xx_hal_msp.c ****     */
 181:Core/Src/stm32f4xx_hal_msp.c ****     HAL_GPIO_DeInit(GPIOC, GPIO_PIN_6|GPIO_PIN_7);
 373              		.loc 1 181 5 view .LVU112
 374 0018 C021     		movs	r1, #192
 375 001a 0848     		ldr	r0, .L22+8
 376              	.LVL13:
 377              		.loc 1 181 5 is_stmt 0 view .LVU113
 378 001c FFF7FEFF 		bl	HAL_GPIO_DeInit
 379              	.LVL14:
 182:Core/Src/stm32f4xx_hal_msp.c **** 
 183:Core/Src/stm32f4xx_hal_msp.c ****     /* USART6 DMA DeInit */
 184:Core/Src/stm32f4xx_hal_msp.c ****     HAL_DMA_DeInit(huart->hdmarx);
 380              		.loc 1 184 5 is_stmt 1 view .LVU114
 381 0020 E06B     		ldr	r0, [r4, #60]
 382 0022 FFF7FEFF 		bl	HAL_DMA_DeInit
 383              	.LVL15:
 185:Core/Src/stm32f4xx_hal_msp.c ****     HAL_DMA_DeInit(huart->hdmatx);
 384              		.loc 1 185 5 view .LVU115
 385 0026 A06B     		ldr	r0, [r4, #56]
 386 0028 FFF7FEFF 		bl	HAL_DMA_DeInit
 387              	.LVL16:
 186:Core/Src/stm32f4xx_hal_msp.c **** 
 187:Core/Src/stm32f4xx_hal_msp.c ****     /* USART6 interrupt DeInit */
 188:Core/Src/stm32f4xx_hal_msp.c ****     HAL_NVIC_DisableIRQ(USART6_IRQn);
 388              		.loc 1 188 5 view .LVU116
 389 002c 4720     		movs	r0, #71
 390 002e FFF7FEFF 		bl	HAL_NVIC_DisableIRQ
 391              	.LVL17:
 189:Core/Src/stm32f4xx_hal_msp.c ****     /* USER CODE BEGIN USART6_MspDeInit 1 */
 190:Core/Src/stm32f4xx_hal_msp.c **** 
 191:Core/Src/stm32f4xx_hal_msp.c ****     /* USER CODE END USART6_MspDeInit 1 */
 192:Core/Src/stm32f4xx_hal_msp.c ****   }
 193:Core/Src/stm32f4xx_hal_msp.c **** 
 194:Core/Src/stm32f4xx_hal_msp.c **** }
 392              		.loc 1 194 1 is_stmt 0 view .LVU117
 393 0032 10BD     		pop	{r4, pc}
 394              	.LVL18:
 395              	.L23:
 396              		.loc 1 194 1 view .LVU118
 397              		.align	2
 398              	.L22:
 399 0034 00140140 		.word	1073812480
 400 0038 00380240 		.word	1073887232
 401 003c 00080240 		.word	1073874944
 402              		.cfi_endproc
 403              	.LFE136:
 405              		.section	.text.HAL_PCD_MspInit,"ax",%progbits
 406              		.align	1
 407              		.global	HAL_PCD_MspInit
 408              		.syntax unified
 409              		.thumb
 410              		.thumb_func
 411              		.fpu fpv4-sp-d16
 413              	HAL_PCD_MspInit:
 414              	.LVL19:
 415              	.LFB137:
ARM GAS  /tmp/ccIrMoGI.s 			page 13


 195:Core/Src/stm32f4xx_hal_msp.c **** 
 196:Core/Src/stm32f4xx_hal_msp.c **** /**
 197:Core/Src/stm32f4xx_hal_msp.c ****   * @brief PCD MSP Initialization
 198:Core/Src/stm32f4xx_hal_msp.c ****   * This function configures the hardware resources used in this example
 199:Core/Src/stm32f4xx_hal_msp.c ****   * @param hpcd: PCD handle pointer
 200:Core/Src/stm32f4xx_hal_msp.c ****   * @retval None
 201:Core/Src/stm32f4xx_hal_msp.c ****   */
 202:Core/Src/stm32f4xx_hal_msp.c **** void HAL_PCD_MspInit(PCD_HandleTypeDef* hpcd)
 203:Core/Src/stm32f4xx_hal_msp.c **** {
 416              		.loc 1 203 1 is_stmt 1 view -0
 417              		.cfi_startproc
 418              		@ args = 0, pretend = 0, frame = 32
 419              		@ frame_needed = 0, uses_anonymous_args = 0
 420              		.loc 1 203 1 is_stmt 0 view .LVU120
 421 0000 30B5     		push	{r4, r5, lr}
 422              	.LCFI8:
 423              		.cfi_def_cfa_offset 12
 424              		.cfi_offset 4, -12
 425              		.cfi_offset 5, -8
 426              		.cfi_offset 14, -4
 427 0002 89B0     		sub	sp, sp, #36
 428              	.LCFI9:
 429              		.cfi_def_cfa_offset 48
 204:Core/Src/stm32f4xx_hal_msp.c ****   GPIO_InitTypeDef GPIO_InitStruct = {0};
 430              		.loc 1 204 3 is_stmt 1 view .LVU121
 431              		.loc 1 204 20 is_stmt 0 view .LVU122
 432 0004 0023     		movs	r3, #0
 433 0006 0393     		str	r3, [sp, #12]
 434 0008 0493     		str	r3, [sp, #16]
 435 000a 0593     		str	r3, [sp, #20]
 436 000c 0693     		str	r3, [sp, #24]
 437 000e 0793     		str	r3, [sp, #28]
 205:Core/Src/stm32f4xx_hal_msp.c ****   if(hpcd->Instance==USB_OTG_FS)
 438              		.loc 1 205 3 is_stmt 1 view .LVU123
 439              		.loc 1 205 10 is_stmt 0 view .LVU124
 440 0010 0368     		ldr	r3, [r0]
 441              		.loc 1 205 5 view .LVU125
 442 0012 B3F1A04F 		cmp	r3, #1342177280
 443 0016 01D0     		beq	.L27
 444              	.LVL20:
 445              	.L24:
 206:Core/Src/stm32f4xx_hal_msp.c ****   {
 207:Core/Src/stm32f4xx_hal_msp.c ****     /* USER CODE BEGIN USB_OTG_FS_MspInit 0 */
 208:Core/Src/stm32f4xx_hal_msp.c **** 
 209:Core/Src/stm32f4xx_hal_msp.c ****     /* USER CODE END USB_OTG_FS_MspInit 0 */
 210:Core/Src/stm32f4xx_hal_msp.c **** 
 211:Core/Src/stm32f4xx_hal_msp.c ****     __HAL_RCC_GPIOA_CLK_ENABLE();
 212:Core/Src/stm32f4xx_hal_msp.c ****     /**USB_OTG_FS GPIO Configuration
 213:Core/Src/stm32f4xx_hal_msp.c ****     PA11     ------> USB_OTG_FS_DM
 214:Core/Src/stm32f4xx_hal_msp.c ****     PA12     ------> USB_OTG_FS_DP
 215:Core/Src/stm32f4xx_hal_msp.c ****     */
 216:Core/Src/stm32f4xx_hal_msp.c ****     GPIO_InitStruct.Pin = GPIO_PIN_11|GPIO_PIN_12;
 217:Core/Src/stm32f4xx_hal_msp.c ****     GPIO_InitStruct.Mode = GPIO_MODE_AF_PP;
 218:Core/Src/stm32f4xx_hal_msp.c ****     GPIO_InitStruct.Pull = GPIO_NOPULL;
 219:Core/Src/stm32f4xx_hal_msp.c ****     GPIO_InitStruct.Speed = GPIO_SPEED_FREQ_VERY_HIGH;
 220:Core/Src/stm32f4xx_hal_msp.c ****     GPIO_InitStruct.Alternate = GPIO_AF10_OTG_FS;
 221:Core/Src/stm32f4xx_hal_msp.c ****     HAL_GPIO_Init(GPIOA, &GPIO_InitStruct);
ARM GAS  /tmp/ccIrMoGI.s 			page 14


 222:Core/Src/stm32f4xx_hal_msp.c **** 
 223:Core/Src/stm32f4xx_hal_msp.c ****     /* Peripheral clock enable */
 224:Core/Src/stm32f4xx_hal_msp.c ****     __HAL_RCC_USB_OTG_FS_CLK_ENABLE();
 225:Core/Src/stm32f4xx_hal_msp.c ****     /* USER CODE BEGIN USB_OTG_FS_MspInit 1 */
 226:Core/Src/stm32f4xx_hal_msp.c **** 
 227:Core/Src/stm32f4xx_hal_msp.c ****     /* USER CODE END USB_OTG_FS_MspInit 1 */
 228:Core/Src/stm32f4xx_hal_msp.c **** 
 229:Core/Src/stm32f4xx_hal_msp.c ****   }
 230:Core/Src/stm32f4xx_hal_msp.c **** 
 231:Core/Src/stm32f4xx_hal_msp.c **** }
 446              		.loc 1 231 1 view .LVU126
 447 0018 09B0     		add	sp, sp, #36
 448              	.LCFI10:
 449              		.cfi_remember_state
 450              		.cfi_def_cfa_offset 12
 451              		@ sp needed
 452 001a 30BD     		pop	{r4, r5, pc}
 453              	.LVL21:
 454              	.L27:
 455              	.LCFI11:
 456              		.cfi_restore_state
 211:Core/Src/stm32f4xx_hal_msp.c ****     /**USB_OTG_FS GPIO Configuration
 457              		.loc 1 211 5 is_stmt 1 view .LVU127
 458              	.LBB6:
 211:Core/Src/stm32f4xx_hal_msp.c ****     /**USB_OTG_FS GPIO Configuration
 459              		.loc 1 211 5 view .LVU128
 460 001c 0025     		movs	r5, #0
 461 001e 0195     		str	r5, [sp, #4]
 211:Core/Src/stm32f4xx_hal_msp.c ****     /**USB_OTG_FS GPIO Configuration
 462              		.loc 1 211 5 view .LVU129
 463 0020 124C     		ldr	r4, .L28
 464 0022 236B     		ldr	r3, [r4, #48]
 465 0024 43F00103 		orr	r3, r3, #1
 466 0028 2363     		str	r3, [r4, #48]
 211:Core/Src/stm32f4xx_hal_msp.c ****     /**USB_OTG_FS GPIO Configuration
 467              		.loc 1 211 5 view .LVU130
 468 002a 236B     		ldr	r3, [r4, #48]
 469 002c 03F00103 		and	r3, r3, #1
 470 0030 0193     		str	r3, [sp, #4]
 211:Core/Src/stm32f4xx_hal_msp.c ****     /**USB_OTG_FS GPIO Configuration
 471              		.loc 1 211 5 view .LVU131
 472 0032 019B     		ldr	r3, [sp, #4]
 473              	.LBE6:
 211:Core/Src/stm32f4xx_hal_msp.c ****     /**USB_OTG_FS GPIO Configuration
 474              		.loc 1 211 5 view .LVU132
 216:Core/Src/stm32f4xx_hal_msp.c ****     GPIO_InitStruct.Mode = GPIO_MODE_AF_PP;
 475              		.loc 1 216 5 view .LVU133
 216:Core/Src/stm32f4xx_hal_msp.c ****     GPIO_InitStruct.Mode = GPIO_MODE_AF_PP;
 476              		.loc 1 216 25 is_stmt 0 view .LVU134
 477 0034 4FF4C053 		mov	r3, #6144
 478 0038 0393     		str	r3, [sp, #12]
 217:Core/Src/stm32f4xx_hal_msp.c ****     GPIO_InitStruct.Pull = GPIO_NOPULL;
 479              		.loc 1 217 5 is_stmt 1 view .LVU135
 217:Core/Src/stm32f4xx_hal_msp.c ****     GPIO_InitStruct.Pull = GPIO_NOPULL;
 480              		.loc 1 217 26 is_stmt 0 view .LVU136
 481 003a 0223     		movs	r3, #2
 482 003c 0493     		str	r3, [sp, #16]
ARM GAS  /tmp/ccIrMoGI.s 			page 15


 218:Core/Src/stm32f4xx_hal_msp.c ****     GPIO_InitStruct.Speed = GPIO_SPEED_FREQ_VERY_HIGH;
 483              		.loc 1 218 5 is_stmt 1 view .LVU137
 219:Core/Src/stm32f4xx_hal_msp.c ****     GPIO_InitStruct.Alternate = GPIO_AF10_OTG_FS;
 484              		.loc 1 219 5 view .LVU138
 219:Core/Src/stm32f4xx_hal_msp.c ****     GPIO_InitStruct.Alternate = GPIO_AF10_OTG_FS;
 485              		.loc 1 219 27 is_stmt 0 view .LVU139
 486 003e 0323     		movs	r3, #3
 487 0040 0693     		str	r3, [sp, #24]
 220:Core/Src/stm32f4xx_hal_msp.c ****     HAL_GPIO_Init(GPIOA, &GPIO_InitStruct);
 488              		.loc 1 220 5 is_stmt 1 view .LVU140
 220:Core/Src/stm32f4xx_hal_msp.c ****     HAL_GPIO_Init(GPIOA, &GPIO_InitStruct);
 489              		.loc 1 220 31 is_stmt 0 view .LVU141
 490 0042 0A23     		movs	r3, #10
 491 0044 0793     		str	r3, [sp, #28]
 221:Core/Src/stm32f4xx_hal_msp.c **** 
 492              		.loc 1 221 5 is_stmt 1 view .LVU142
 493 0046 03A9     		add	r1, sp, #12
 494 0048 0948     		ldr	r0, .L28+4
 495              	.LVL22:
 221:Core/Src/stm32f4xx_hal_msp.c **** 
 496              		.loc 1 221 5 is_stmt 0 view .LVU143
 497 004a FFF7FEFF 		bl	HAL_GPIO_Init
 498              	.LVL23:
 224:Core/Src/stm32f4xx_hal_msp.c ****     /* USER CODE BEGIN USB_OTG_FS_MspInit 1 */
 499              		.loc 1 224 5 is_stmt 1 view .LVU144
 224:Core/Src/stm32f4xx_hal_msp.c ****     /* USER CODE BEGIN USB_OTG_FS_MspInit 1 */
 500              		.loc 1 224 5 view .LVU145
 501 004e 636B     		ldr	r3, [r4, #52]
 502 0050 43F08003 		orr	r3, r3, #128
 503 0054 6363     		str	r3, [r4, #52]
 224:Core/Src/stm32f4xx_hal_msp.c ****     /* USER CODE BEGIN USB_OTG_FS_MspInit 1 */
 504              		.loc 1 224 5 view .LVU146
 505              	.LBB7:
 224:Core/Src/stm32f4xx_hal_msp.c ****     /* USER CODE BEGIN USB_OTG_FS_MspInit 1 */
 506              		.loc 1 224 5 view .LVU147
 507 0056 0295     		str	r5, [sp, #8]
 224:Core/Src/stm32f4xx_hal_msp.c ****     /* USER CODE BEGIN USB_OTG_FS_MspInit 1 */
 508              		.loc 1 224 5 view .LVU148
 509 0058 636C     		ldr	r3, [r4, #68]
 510 005a 43F48043 		orr	r3, r3, #16384
 511 005e 6364     		str	r3, [r4, #68]
 224:Core/Src/stm32f4xx_hal_msp.c ****     /* USER CODE BEGIN USB_OTG_FS_MspInit 1 */
 512              		.loc 1 224 5 view .LVU149
 513 0060 636C     		ldr	r3, [r4, #68]
 514 0062 03F48043 		and	r3, r3, #16384
 515 0066 0293     		str	r3, [sp, #8]
 224:Core/Src/stm32f4xx_hal_msp.c ****     /* USER CODE BEGIN USB_OTG_FS_MspInit 1 */
 516              		.loc 1 224 5 view .LVU150
 517 0068 029B     		ldr	r3, [sp, #8]
 518              	.LBE7:
 224:Core/Src/stm32f4xx_hal_msp.c ****     /* USER CODE BEGIN USB_OTG_FS_MspInit 1 */
 519              		.loc 1 224 5 view .LVU151
 224:Core/Src/stm32f4xx_hal_msp.c ****     /* USER CODE BEGIN USB_OTG_FS_MspInit 1 */
 520              		.loc 1 224 5 view .LVU152
 521              		.loc 1 231 1 is_stmt 0 view .LVU153
 522 006a D5E7     		b	.L24
 523              	.L29:
ARM GAS  /tmp/ccIrMoGI.s 			page 16


 524              		.align	2
 525              	.L28:
 526 006c 00380240 		.word	1073887232
 527 0070 00000240 		.word	1073872896
 528              		.cfi_endproc
 529              	.LFE137:
 531              		.section	.text.HAL_PCD_MspDeInit,"ax",%progbits
 532              		.align	1
 533              		.global	HAL_PCD_MspDeInit
 534              		.syntax unified
 535              		.thumb
 536              		.thumb_func
 537              		.fpu fpv4-sp-d16
 539              	HAL_PCD_MspDeInit:
 540              	.LVL24:
 541              	.LFB138:
 232:Core/Src/stm32f4xx_hal_msp.c **** 
 233:Core/Src/stm32f4xx_hal_msp.c **** /**
 234:Core/Src/stm32f4xx_hal_msp.c ****   * @brief PCD MSP De-Initialization
 235:Core/Src/stm32f4xx_hal_msp.c ****   * This function freeze the hardware resources used in this example
 236:Core/Src/stm32f4xx_hal_msp.c ****   * @param hpcd: PCD handle pointer
 237:Core/Src/stm32f4xx_hal_msp.c ****   * @retval None
 238:Core/Src/stm32f4xx_hal_msp.c ****   */
 239:Core/Src/stm32f4xx_hal_msp.c **** void HAL_PCD_MspDeInit(PCD_HandleTypeDef* hpcd)
 240:Core/Src/stm32f4xx_hal_msp.c **** {
 542              		.loc 1 240 1 is_stmt 1 view -0
 543              		.cfi_startproc
 544              		@ args = 0, pretend = 0, frame = 0
 545              		@ frame_needed = 0, uses_anonymous_args = 0
 546              		.loc 1 240 1 is_stmt 0 view .LVU155
 547 0000 08B5     		push	{r3, lr}
 548              	.LCFI12:
 549              		.cfi_def_cfa_offset 8
 550              		.cfi_offset 3, -8
 551              		.cfi_offset 14, -4
 241:Core/Src/stm32f4xx_hal_msp.c ****   if(hpcd->Instance==USB_OTG_FS)
 552              		.loc 1 241 3 is_stmt 1 view .LVU156
 553              		.loc 1 241 10 is_stmt 0 view .LVU157
 554 0002 0368     		ldr	r3, [r0]
 555              		.loc 1 241 5 view .LVU158
 556 0004 B3F1A04F 		cmp	r3, #1342177280
 557 0008 00D0     		beq	.L33
 558              	.LVL25:
 559              	.L30:
 242:Core/Src/stm32f4xx_hal_msp.c ****   {
 243:Core/Src/stm32f4xx_hal_msp.c ****     /* USER CODE BEGIN USB_OTG_FS_MspDeInit 0 */
 244:Core/Src/stm32f4xx_hal_msp.c **** 
 245:Core/Src/stm32f4xx_hal_msp.c ****     /* USER CODE END USB_OTG_FS_MspDeInit 0 */
 246:Core/Src/stm32f4xx_hal_msp.c ****     /* Peripheral clock disable */
 247:Core/Src/stm32f4xx_hal_msp.c ****     __HAL_RCC_USB_OTG_FS_CLK_DISABLE();
 248:Core/Src/stm32f4xx_hal_msp.c **** 
 249:Core/Src/stm32f4xx_hal_msp.c ****     /**USB_OTG_FS GPIO Configuration
 250:Core/Src/stm32f4xx_hal_msp.c ****     PA11     ------> USB_OTG_FS_DM
 251:Core/Src/stm32f4xx_hal_msp.c ****     PA12     ------> USB_OTG_FS_DP
 252:Core/Src/stm32f4xx_hal_msp.c ****     */
 253:Core/Src/stm32f4xx_hal_msp.c ****     HAL_GPIO_DeInit(GPIOA, GPIO_PIN_11|GPIO_PIN_12);
 254:Core/Src/stm32f4xx_hal_msp.c **** 
ARM GAS  /tmp/ccIrMoGI.s 			page 17


 255:Core/Src/stm32f4xx_hal_msp.c ****     /* USER CODE BEGIN USB_OTG_FS_MspDeInit 1 */
 256:Core/Src/stm32f4xx_hal_msp.c **** 
 257:Core/Src/stm32f4xx_hal_msp.c ****     /* USER CODE END USB_OTG_FS_MspDeInit 1 */
 258:Core/Src/stm32f4xx_hal_msp.c ****   }
 259:Core/Src/stm32f4xx_hal_msp.c **** 
 260:Core/Src/stm32f4xx_hal_msp.c **** }
 560              		.loc 1 260 1 view .LVU159
 561 000a 08BD     		pop	{r3, pc}
 562              	.LVL26:
 563              	.L33:
 247:Core/Src/stm32f4xx_hal_msp.c **** 
 564              		.loc 1 247 5 is_stmt 1 view .LVU160
 565 000c 054A     		ldr	r2, .L34
 566 000e 536B     		ldr	r3, [r2, #52]
 567 0010 23F08003 		bic	r3, r3, #128
 568 0014 5363     		str	r3, [r2, #52]
 253:Core/Src/stm32f4xx_hal_msp.c **** 
 569              		.loc 1 253 5 view .LVU161
 570 0016 4FF4C051 		mov	r1, #6144
 571 001a 0348     		ldr	r0, .L34+4
 572              	.LVL27:
 253:Core/Src/stm32f4xx_hal_msp.c **** 
 573              		.loc 1 253 5 is_stmt 0 view .LVU162
 574 001c FFF7FEFF 		bl	HAL_GPIO_DeInit
 575              	.LVL28:
 576              		.loc 1 260 1 view .LVU163
 577 0020 F3E7     		b	.L30
 578              	.L35:
 579 0022 00BF     		.align	2
 580              	.L34:
 581 0024 00380240 		.word	1073887232
 582 0028 00000240 		.word	1073872896
 583              		.cfi_endproc
 584              	.LFE138:
 586              		.text
 587              	.Letext0:
 588              		.file 2 "/usr/lib/gcc/arm-none-eabi/10.3.1/include/stdint.h"
 589              		.file 3 "Drivers/CMSIS/Device/ST/STM32F4xx/Include/stm32f405xx.h"
 590              		.file 4 "Drivers/STM32F4xx_HAL_Driver/Inc/stm32f4xx_hal_def.h"
 591              		.file 5 "Drivers/STM32F4xx_HAL_Driver/Inc/stm32f4xx_hal_gpio.h"
 592              		.file 6 "Drivers/STM32F4xx_HAL_Driver/Inc/stm32f4xx_hal_dma.h"
 593              		.file 7 "Drivers/STM32F4xx_HAL_Driver/Inc/stm32f4xx_hal_uart.h"
 594              		.file 8 "Drivers/STM32F4xx_HAL_Driver/Inc/stm32f4xx_ll_usb.h"
 595              		.file 9 "Drivers/STM32F4xx_HAL_Driver/Inc/stm32f4xx_hal_pcd.h"
 596              		.file 10 "Drivers/STM32F4xx_HAL_Driver/Inc/stm32f4xx_hal_cortex.h"
 597              		.file 11 "Core/Inc/main.h"
ARM GAS  /tmp/ccIrMoGI.s 			page 18


DEFINED SYMBOLS
                            *ABS*:0000000000000000 stm32f4xx_hal_msp.c
     /tmp/ccIrMoGI.s:18     .text.HAL_MspInit:0000000000000000 $t
     /tmp/ccIrMoGI.s:26     .text.HAL_MspInit:0000000000000000 HAL_MspInit
     /tmp/ccIrMoGI.s:88     .text.HAL_MspInit:0000000000000040 $d
     /tmp/ccIrMoGI.s:93     .text.HAL_UART_MspInit:0000000000000000 $t
     /tmp/ccIrMoGI.s:100    .text.HAL_UART_MspInit:0000000000000000 HAL_UART_MspInit
     /tmp/ccIrMoGI.s:328    .text.HAL_UART_MspInit:00000000000000e0 $d
     /tmp/ccIrMoGI.s:338    .text.HAL_UART_MspDeInit:0000000000000000 $t
     /tmp/ccIrMoGI.s:345    .text.HAL_UART_MspDeInit:0000000000000000 HAL_UART_MspDeInit
     /tmp/ccIrMoGI.s:399    .text.HAL_UART_MspDeInit:0000000000000034 $d
     /tmp/ccIrMoGI.s:406    .text.HAL_PCD_MspInit:0000000000000000 $t
     /tmp/ccIrMoGI.s:413    .text.HAL_PCD_MspInit:0000000000000000 HAL_PCD_MspInit
     /tmp/ccIrMoGI.s:526    .text.HAL_PCD_MspInit:000000000000006c $d
     /tmp/ccIrMoGI.s:532    .text.HAL_PCD_MspDeInit:0000000000000000 $t
     /tmp/ccIrMoGI.s:539    .text.HAL_PCD_MspDeInit:0000000000000000 HAL_PCD_MspDeInit
     /tmp/ccIrMoGI.s:581    .text.HAL_PCD_MspDeInit:0000000000000024 $d

UNDEFINED SYMBOLS
HAL_NVIC_SetPriority
HAL_GPIO_Init
HAL_DMA_Init
HAL_NVIC_EnableIRQ
Error_Handler
hdma_usart6_rx
hdma_usart6_tx
HAL_GPIO_DeInit
HAL_DMA_DeInit
HAL_NVIC_DisableIRQ
