ARM GAS  /tmp/ccMUa3re.s 			page 1


   1              		.cpu cortex-m4
   2              		.eabi_attribute 27, 1
   3              		.eabi_attribute 28, 1
   4              		.eabi_attribute 20, 1
   5              		.eabi_attribute 21, 1
   6              		.eabi_attribute 23, 3
   7              		.eabi_attribute 24, 1
   8              		.eabi_attribute 25, 1
   9              		.eabi_attribute 26, 1
  10              		.eabi_attribute 30, 1
  11              		.eabi_attribute 34, 1
  12              		.eabi_attribute 18, 4
  13              		.file	"stm32f4xx_it.c"
  14              		.text
  15              	.Ltext0:
  16              		.cfi_sections	.debug_frame
  17              		.section	.text.NMI_Handler,"ax",%progbits
  18              		.align	1
  19              		.global	NMI_Handler
  20              		.arch armv7e-m
  21              		.syntax unified
  22              		.thumb
  23              		.thumb_func
  24              		.fpu fpv4-sp-d16
  26              	NMI_Handler:
  27              	.LFB138:
  28              		.file 1 "Core/Src/stm32f4xx_it.c"
   1:Core/Src/stm32f4xx_it.c **** /* USER CODE BEGIN Header */
   2:Core/Src/stm32f4xx_it.c **** /**
   3:Core/Src/stm32f4xx_it.c ****   ******************************************************************************
   4:Core/Src/stm32f4xx_it.c ****   * @file    stm32f4xx_it.c
   5:Core/Src/stm32f4xx_it.c ****   * @brief   Interrupt Service Routines.
   6:Core/Src/stm32f4xx_it.c ****   ******************************************************************************
   7:Core/Src/stm32f4xx_it.c ****   * @attention
   8:Core/Src/stm32f4xx_it.c ****   *
   9:Core/Src/stm32f4xx_it.c ****   * Copyright (c) 2026 STMicroelectronics.
  10:Core/Src/stm32f4xx_it.c ****   * All rights reserved.
  11:Core/Src/stm32f4xx_it.c ****   *
  12:Core/Src/stm32f4xx_it.c ****   * This software is licensed under terms that can be found in the LICENSE file
  13:Core/Src/stm32f4xx_it.c ****   * in the root directory of this software component.
  14:Core/Src/stm32f4xx_it.c ****   * If no LICENSE file comes with this software, it is provided AS-IS.
  15:Core/Src/stm32f4xx_it.c ****   *
  16:Core/Src/stm32f4xx_it.c ****   ******************************************************************************
  17:Core/Src/stm32f4xx_it.c ****   */
  18:Core/Src/stm32f4xx_it.c **** /* USER CODE END Header */
  19:Core/Src/stm32f4xx_it.c **** 
  20:Core/Src/stm32f4xx_it.c **** /* Includes ------------------------------------------------------------------*/
  21:Core/Src/stm32f4xx_it.c **** #include "main.h"
  22:Core/Src/stm32f4xx_it.c **** #include "stm32f4xx_it.h"
  23:Core/Src/stm32f4xx_it.c **** #include "FreeRTOS.h"
  24:Core/Src/stm32f4xx_it.c **** #include "task.h"
  25:Core/Src/stm32f4xx_it.c **** /* Private includes ----------------------------------------------------------*/
  26:Core/Src/stm32f4xx_it.c **** /* USER CODE BEGIN Includes */
  27:Core/Src/stm32f4xx_it.c **** /* USER CODE END Includes */
  28:Core/Src/stm32f4xx_it.c **** 
  29:Core/Src/stm32f4xx_it.c **** /* Private typedef -----------------------------------------------------------*/
  30:Core/Src/stm32f4xx_it.c **** /* USER CODE BEGIN TD */
ARM GAS  /tmp/ccMUa3re.s 			page 2


  31:Core/Src/stm32f4xx_it.c **** 
  32:Core/Src/stm32f4xx_it.c **** /* USER CODE END TD */
  33:Core/Src/stm32f4xx_it.c **** 
  34:Core/Src/stm32f4xx_it.c **** /* Private define ------------------------------------------------------------*/
  35:Core/Src/stm32f4xx_it.c **** /* USER CODE BEGIN PD */
  36:Core/Src/stm32f4xx_it.c **** 
  37:Core/Src/stm32f4xx_it.c **** /* USER CODE END PD */
  38:Core/Src/stm32f4xx_it.c **** 
  39:Core/Src/stm32f4xx_it.c **** /* Private macro -------------------------------------------------------------*/
  40:Core/Src/stm32f4xx_it.c **** /* USER CODE BEGIN PM */
  41:Core/Src/stm32f4xx_it.c **** 
  42:Core/Src/stm32f4xx_it.c **** /* USER CODE END PM */
  43:Core/Src/stm32f4xx_it.c **** 
  44:Core/Src/stm32f4xx_it.c **** /* Private variables ---------------------------------------------------------*/
  45:Core/Src/stm32f4xx_it.c **** /* USER CODE BEGIN PV */
  46:Core/Src/stm32f4xx_it.c **** 
  47:Core/Src/stm32f4xx_it.c **** /* USER CODE END PV */
  48:Core/Src/stm32f4xx_it.c **** 
  49:Core/Src/stm32f4xx_it.c **** /* Private function prototypes -----------------------------------------------*/
  50:Core/Src/stm32f4xx_it.c **** /* USER CODE BEGIN PFP */
  51:Core/Src/stm32f4xx_it.c **** 
  52:Core/Src/stm32f4xx_it.c **** /* USER CODE END PFP */
  53:Core/Src/stm32f4xx_it.c **** 
  54:Core/Src/stm32f4xx_it.c **** /* Private user code ---------------------------------------------------------*/
  55:Core/Src/stm32f4xx_it.c **** /* USER CODE BEGIN 0 */
  56:Core/Src/stm32f4xx_it.c **** 
  57:Core/Src/stm32f4xx_it.c **** /* USER CODE END 0 */
  58:Core/Src/stm32f4xx_it.c **** 
  59:Core/Src/stm32f4xx_it.c **** /* External variables --------------------------------------------------------*/
  60:Core/Src/stm32f4xx_it.c **** extern DMA_HandleTypeDef hdma_usart6_rx;
  61:Core/Src/stm32f4xx_it.c **** extern DMA_HandleTypeDef hdma_usart6_tx;
  62:Core/Src/stm32f4xx_it.c **** extern UART_HandleTypeDef huart6;
  63:Core/Src/stm32f4xx_it.c **** /* USER CODE BEGIN EV */
  64:Core/Src/stm32f4xx_it.c **** 
  65:Core/Src/stm32f4xx_it.c **** /* USER CODE END EV */
  66:Core/Src/stm32f4xx_it.c **** 
  67:Core/Src/stm32f4xx_it.c **** /******************************************************************************/
  68:Core/Src/stm32f4xx_it.c **** /*           Cortex-M4 Processor Interruption and Exception Handlers          */
  69:Core/Src/stm32f4xx_it.c **** /******************************************************************************/
  70:Core/Src/stm32f4xx_it.c **** /**
  71:Core/Src/stm32f4xx_it.c ****   * @brief This function handles Non maskable interrupt.
  72:Core/Src/stm32f4xx_it.c ****   */
  73:Core/Src/stm32f4xx_it.c **** void NMI_Handler(void)
  74:Core/Src/stm32f4xx_it.c **** {
  29              		.loc 1 74 1 view -0
  30              		.cfi_startproc
  31              		@ Volatile: function does not return.
  32              		@ args = 0, pretend = 0, frame = 0
  33              		@ frame_needed = 0, uses_anonymous_args = 0
  34              		@ link register save eliminated.
  35              	.L2:
  75:Core/Src/stm32f4xx_it.c ****   /* USER CODE BEGIN NonMaskableInt_IRQn 0 */
  76:Core/Src/stm32f4xx_it.c **** 
  77:Core/Src/stm32f4xx_it.c ****   /* USER CODE END NonMaskableInt_IRQn 0 */
  78:Core/Src/stm32f4xx_it.c ****   /* USER CODE BEGIN NonMaskableInt_IRQn 1 */
  79:Core/Src/stm32f4xx_it.c ****    while (1)
  36              		.loc 1 79 4 discriminator 1 view .LVU1
ARM GAS  /tmp/ccMUa3re.s 			page 3


  80:Core/Src/stm32f4xx_it.c ****   {
  81:Core/Src/stm32f4xx_it.c ****   }
  37              		.loc 1 81 3 discriminator 1 view .LVU2
  79:Core/Src/stm32f4xx_it.c ****   {
  38              		.loc 1 79 10 discriminator 1 view .LVU3
  39 0000 FEE7     		b	.L2
  40              		.cfi_endproc
  41              	.LFE138:
  43              		.section	.text.HardFault_Handler,"ax",%progbits
  44              		.align	1
  45              		.global	HardFault_Handler
  46              		.syntax unified
  47              		.thumb
  48              		.thumb_func
  49              		.fpu fpv4-sp-d16
  51              	HardFault_Handler:
  52              	.LFB139:
  82:Core/Src/stm32f4xx_it.c ****   /* USER CODE END NonMaskableInt_IRQn 1 */
  83:Core/Src/stm32f4xx_it.c **** }
  84:Core/Src/stm32f4xx_it.c **** 
  85:Core/Src/stm32f4xx_it.c **** /**
  86:Core/Src/stm32f4xx_it.c ****   * @brief This function handles Hard fault interrupt.
  87:Core/Src/stm32f4xx_it.c ****   */
  88:Core/Src/stm32f4xx_it.c **** void HardFault_Handler(void)
  89:Core/Src/stm32f4xx_it.c **** {
  53              		.loc 1 89 1 view -0
  54              		.cfi_startproc
  55              		@ Volatile: function does not return.
  56              		@ args = 0, pretend = 0, frame = 0
  57              		@ frame_needed = 0, uses_anonymous_args = 0
  58              		@ link register save eliminated.
  59              	.L4:
  90:Core/Src/stm32f4xx_it.c ****   /* USER CODE BEGIN HardFault_IRQn 0 */
  91:Core/Src/stm32f4xx_it.c **** 
  92:Core/Src/stm32f4xx_it.c ****   /* USER CODE END HardFault_IRQn 0 */
  93:Core/Src/stm32f4xx_it.c ****   while (1)
  60              		.loc 1 93 3 discriminator 1 view .LVU5
  94:Core/Src/stm32f4xx_it.c ****   {
  95:Core/Src/stm32f4xx_it.c ****     /* USER CODE BEGIN W1_HardFault_IRQn 0 */
  96:Core/Src/stm32f4xx_it.c ****     /* USER CODE END W1_HardFault_IRQn 0 */
  97:Core/Src/stm32f4xx_it.c ****   }
  61              		.loc 1 97 3 discriminator 1 view .LVU6
  93:Core/Src/stm32f4xx_it.c ****   {
  62              		.loc 1 93 9 discriminator 1 view .LVU7
  63 0000 FEE7     		b	.L4
  64              		.cfi_endproc
  65              	.LFE139:
  67              		.section	.text.MemManage_Handler,"ax",%progbits
  68              		.align	1
  69              		.global	MemManage_Handler
  70              		.syntax unified
  71              		.thumb
  72              		.thumb_func
  73              		.fpu fpv4-sp-d16
  75              	MemManage_Handler:
  76              	.LFB140:
  98:Core/Src/stm32f4xx_it.c **** }
ARM GAS  /tmp/ccMUa3re.s 			page 4


  99:Core/Src/stm32f4xx_it.c **** 
 100:Core/Src/stm32f4xx_it.c **** /**
 101:Core/Src/stm32f4xx_it.c ****   * @brief This function handles Memory management fault.
 102:Core/Src/stm32f4xx_it.c ****   */
 103:Core/Src/stm32f4xx_it.c **** void MemManage_Handler(void)
 104:Core/Src/stm32f4xx_it.c **** {
  77              		.loc 1 104 1 view -0
  78              		.cfi_startproc
  79              		@ Volatile: function does not return.
  80              		@ args = 0, pretend = 0, frame = 0
  81              		@ frame_needed = 0, uses_anonymous_args = 0
  82              		@ link register save eliminated.
  83              	.L6:
 105:Core/Src/stm32f4xx_it.c ****   /* USER CODE BEGIN MemoryManagement_IRQn 0 */
 106:Core/Src/stm32f4xx_it.c **** 
 107:Core/Src/stm32f4xx_it.c ****   /* USER CODE END MemoryManagement_IRQn 0 */
 108:Core/Src/stm32f4xx_it.c ****   while (1)
  84              		.loc 1 108 3 discriminator 1 view .LVU9
 109:Core/Src/stm32f4xx_it.c ****   {
 110:Core/Src/stm32f4xx_it.c ****     /* USER CODE BEGIN W1_MemoryManagement_IRQn 0 */
 111:Core/Src/stm32f4xx_it.c ****     /* USER CODE END W1_MemoryManagement_IRQn 0 */
 112:Core/Src/stm32f4xx_it.c ****   }
  85              		.loc 1 112 3 discriminator 1 view .LVU10
 108:Core/Src/stm32f4xx_it.c ****   {
  86              		.loc 1 108 9 discriminator 1 view .LVU11
  87 0000 FEE7     		b	.L6
  88              		.cfi_endproc
  89              	.LFE140:
  91              		.section	.text.BusFault_Handler,"ax",%progbits
  92              		.align	1
  93              		.global	BusFault_Handler
  94              		.syntax unified
  95              		.thumb
  96              		.thumb_func
  97              		.fpu fpv4-sp-d16
  99              	BusFault_Handler:
 100              	.LFB141:
 113:Core/Src/stm32f4xx_it.c **** }
 114:Core/Src/stm32f4xx_it.c **** 
 115:Core/Src/stm32f4xx_it.c **** /**
 116:Core/Src/stm32f4xx_it.c ****   * @brief This function handles Pre-fetch fault, memory access fault.
 117:Core/Src/stm32f4xx_it.c ****   */
 118:Core/Src/stm32f4xx_it.c **** void BusFault_Handler(void)
 119:Core/Src/stm32f4xx_it.c **** {
 101              		.loc 1 119 1 view -0
 102              		.cfi_startproc
 103              		@ Volatile: function does not return.
 104              		@ args = 0, pretend = 0, frame = 0
 105              		@ frame_needed = 0, uses_anonymous_args = 0
 106              		@ link register save eliminated.
 107              	.L8:
 120:Core/Src/stm32f4xx_it.c ****   /* USER CODE BEGIN BusFault_IRQn 0 */
 121:Core/Src/stm32f4xx_it.c **** 
 122:Core/Src/stm32f4xx_it.c ****   /* USER CODE END BusFault_IRQn 0 */
 123:Core/Src/stm32f4xx_it.c ****   while (1)
 108              		.loc 1 123 3 discriminator 1 view .LVU13
 124:Core/Src/stm32f4xx_it.c ****   {
ARM GAS  /tmp/ccMUa3re.s 			page 5


 125:Core/Src/stm32f4xx_it.c ****     /* USER CODE BEGIN W1_BusFault_IRQn 0 */
 126:Core/Src/stm32f4xx_it.c ****     /* USER CODE END W1_BusFault_IRQn 0 */
 127:Core/Src/stm32f4xx_it.c ****   }
 109              		.loc 1 127 3 discriminator 1 view .LVU14
 123:Core/Src/stm32f4xx_it.c ****   {
 110              		.loc 1 123 9 discriminator 1 view .LVU15
 111 0000 FEE7     		b	.L8
 112              		.cfi_endproc
 113              	.LFE141:
 115              		.section	.text.UsageFault_Handler,"ax",%progbits
 116              		.align	1
 117              		.global	UsageFault_Handler
 118              		.syntax unified
 119              		.thumb
 120              		.thumb_func
 121              		.fpu fpv4-sp-d16
 123              	UsageFault_Handler:
 124              	.LFB142:
 128:Core/Src/stm32f4xx_it.c **** }
 129:Core/Src/stm32f4xx_it.c **** 
 130:Core/Src/stm32f4xx_it.c **** /**
 131:Core/Src/stm32f4xx_it.c ****   * @brief This function handles Undefined instruction or illegal state.
 132:Core/Src/stm32f4xx_it.c ****   */
 133:Core/Src/stm32f4xx_it.c **** void UsageFault_Handler(void)
 134:Core/Src/stm32f4xx_it.c **** {
 125              		.loc 1 134 1 view -0
 126              		.cfi_startproc
 127              		@ Volatile: function does not return.
 128              		@ args = 0, pretend = 0, frame = 0
 129              		@ frame_needed = 0, uses_anonymous_args = 0
 130              		@ link register save eliminated.
 131              	.L10:
 135:Core/Src/stm32f4xx_it.c ****   /* USER CODE BEGIN UsageFault_IRQn 0 */
 136:Core/Src/stm32f4xx_it.c **** 
 137:Core/Src/stm32f4xx_it.c ****   /* USER CODE END UsageFault_IRQn 0 */
 138:Core/Src/stm32f4xx_it.c ****   while (1)
 132              		.loc 1 138 3 discriminator 1 view .LVU17
 139:Core/Src/stm32f4xx_it.c ****   {
 140:Core/Src/stm32f4xx_it.c ****     /* USER CODE BEGIN W1_UsageFault_IRQn 0 */
 141:Core/Src/stm32f4xx_it.c ****     /* USER CODE END W1_UsageFault_IRQn 0 */
 142:Core/Src/stm32f4xx_it.c ****   }
 133              		.loc 1 142 3 discriminator 1 view .LVU18
 138:Core/Src/stm32f4xx_it.c ****   {
 134              		.loc 1 138 9 discriminator 1 view .LVU19
 135 0000 FEE7     		b	.L10
 136              		.cfi_endproc
 137              	.LFE142:
 139              		.section	.text.DebugMon_Handler,"ax",%progbits
 140              		.align	1
 141              		.global	DebugMon_Handler
 142              		.syntax unified
 143              		.thumb
 144              		.thumb_func
 145              		.fpu fpv4-sp-d16
 147              	DebugMon_Handler:
 148              	.LFB143:
 143:Core/Src/stm32f4xx_it.c **** }
ARM GAS  /tmp/ccMUa3re.s 			page 6


 144:Core/Src/stm32f4xx_it.c **** 
 145:Core/Src/stm32f4xx_it.c **** /**
 146:Core/Src/stm32f4xx_it.c ****   * @brief This function handles Debug monitor.
 147:Core/Src/stm32f4xx_it.c ****   */
 148:Core/Src/stm32f4xx_it.c **** void DebugMon_Handler(void)
 149:Core/Src/stm32f4xx_it.c **** {
 149              		.loc 1 149 1 view -0
 150              		.cfi_startproc
 151              		@ args = 0, pretend = 0, frame = 0
 152              		@ frame_needed = 0, uses_anonymous_args = 0
 153              		@ link register save eliminated.
 150:Core/Src/stm32f4xx_it.c ****   /* USER CODE BEGIN DebugMonitor_IRQn 0 */
 151:Core/Src/stm32f4xx_it.c **** 
 152:Core/Src/stm32f4xx_it.c ****   /* USER CODE END DebugMonitor_IRQn 0 */
 153:Core/Src/stm32f4xx_it.c ****   /* USER CODE BEGIN DebugMonitor_IRQn 1 */
 154:Core/Src/stm32f4xx_it.c **** 
 155:Core/Src/stm32f4xx_it.c ****   /* USER CODE END DebugMonitor_IRQn 1 */
 156:Core/Src/stm32f4xx_it.c **** }
 154              		.loc 1 156 1 view .LVU21
 155 0000 7047     		bx	lr
 156              		.cfi_endproc
 157              	.LFE143:
 159              		.section	.text.SysTick_Handler,"ax",%progbits
 160              		.align	1
 161              		.global	SysTick_Handler
 162              		.syntax unified
 163              		.thumb
 164              		.thumb_func
 165              		.fpu fpv4-sp-d16
 167              	SysTick_Handler:
 168              	.LFB144:
 157:Core/Src/stm32f4xx_it.c **** 
 158:Core/Src/stm32f4xx_it.c **** /**
 159:Core/Src/stm32f4xx_it.c ****   * @brief This function handles System tick timer.
 160:Core/Src/stm32f4xx_it.c ****   */
 161:Core/Src/stm32f4xx_it.c **** void SysTick_Handler(void)
 162:Core/Src/stm32f4xx_it.c **** {
 169              		.loc 1 162 1 view -0
 170              		.cfi_startproc
 171              		@ args = 0, pretend = 0, frame = 0
 172              		@ frame_needed = 0, uses_anonymous_args = 0
 173 0000 08B5     		push	{r3, lr}
 174              	.LCFI0:
 175              		.cfi_def_cfa_offset 8
 176              		.cfi_offset 3, -8
 177              		.cfi_offset 14, -4
 163:Core/Src/stm32f4xx_it.c ****   /* USER CODE BEGIN SysTick_IRQn 0 */
 164:Core/Src/stm32f4xx_it.c **** 
 165:Core/Src/stm32f4xx_it.c ****   /* USER CODE END SysTick_IRQn 0 */
 166:Core/Src/stm32f4xx_it.c ****   HAL_IncTick();
 178              		.loc 1 166 3 view .LVU23
 179 0002 FFF7FEFF 		bl	HAL_IncTick
 180              	.LVL0:
 167:Core/Src/stm32f4xx_it.c **** #if (INCLUDE_xTaskGetSchedulerState == 1 )
 168:Core/Src/stm32f4xx_it.c ****   if (xTaskGetSchedulerState() != taskSCHEDULER_NOT_STARTED)
 181              		.loc 1 168 3 view .LVU24
 182              		.loc 1 168 7 is_stmt 0 view .LVU25
ARM GAS  /tmp/ccMUa3re.s 			page 7


 183 0006 FFF7FEFF 		bl	xTaskGetSchedulerState
 184              	.LVL1:
 185              		.loc 1 168 6 view .LVU26
 186 000a 0128     		cmp	r0, #1
 187 000c 00D1     		bne	.L15
 188              	.L12:
 169:Core/Src/stm32f4xx_it.c ****   {
 170:Core/Src/stm32f4xx_it.c **** #endif /* INCLUDE_xTaskGetSchedulerState */
 171:Core/Src/stm32f4xx_it.c ****   xPortSysTickHandler();
 172:Core/Src/stm32f4xx_it.c **** #if (INCLUDE_xTaskGetSchedulerState == 1 )
 173:Core/Src/stm32f4xx_it.c ****   }
 174:Core/Src/stm32f4xx_it.c **** #endif /* INCLUDE_xTaskGetSchedulerState */
 175:Core/Src/stm32f4xx_it.c ****   /* USER CODE BEGIN SysTick_IRQn 1 */
 176:Core/Src/stm32f4xx_it.c **** 
 177:Core/Src/stm32f4xx_it.c ****   /* USER CODE END SysTick_IRQn 1 */
 178:Core/Src/stm32f4xx_it.c **** }
 189              		.loc 1 178 1 view .LVU27
 190 000e 08BD     		pop	{r3, pc}
 191              	.L15:
 171:Core/Src/stm32f4xx_it.c **** #if (INCLUDE_xTaskGetSchedulerState == 1 )
 192              		.loc 1 171 3 is_stmt 1 view .LVU28
 193 0010 FFF7FEFF 		bl	xPortSysTickHandler
 194              	.LVL2:
 195              		.loc 1 178 1 is_stmt 0 view .LVU29
 196 0014 FBE7     		b	.L12
 197              		.cfi_endproc
 198              	.LFE144:
 200              		.section	.text.DMA2_Stream1_IRQHandler,"ax",%progbits
 201              		.align	1
 202              		.global	DMA2_Stream1_IRQHandler
 203              		.syntax unified
 204              		.thumb
 205              		.thumb_func
 206              		.fpu fpv4-sp-d16
 208              	DMA2_Stream1_IRQHandler:
 209              	.LFB145:
 179:Core/Src/stm32f4xx_it.c **** 
 180:Core/Src/stm32f4xx_it.c **** /******************************************************************************/
 181:Core/Src/stm32f4xx_it.c **** /* STM32F4xx Peripheral Interrupt Handlers                                    */
 182:Core/Src/stm32f4xx_it.c **** /* Add here the Interrupt Handlers for the used peripherals.                  */
 183:Core/Src/stm32f4xx_it.c **** /* For the available peripheral interrupt handler names,                      */
 184:Core/Src/stm32f4xx_it.c **** /* please refer to the startup file (startup_stm32f4xx.s).                    */
 185:Core/Src/stm32f4xx_it.c **** /******************************************************************************/
 186:Core/Src/stm32f4xx_it.c **** 
 187:Core/Src/stm32f4xx_it.c **** /**
 188:Core/Src/stm32f4xx_it.c ****   * @brief This function handles DMA2 stream1 global interrupt.
 189:Core/Src/stm32f4xx_it.c ****   */
 190:Core/Src/stm32f4xx_it.c **** void DMA2_Stream1_IRQHandler(void)
 191:Core/Src/stm32f4xx_it.c **** {
 210              		.loc 1 191 1 is_stmt 1 view -0
 211              		.cfi_startproc
 212              		@ args = 0, pretend = 0, frame = 0
 213              		@ frame_needed = 0, uses_anonymous_args = 0
 214 0000 08B5     		push	{r3, lr}
 215              	.LCFI1:
 216              		.cfi_def_cfa_offset 8
 217              		.cfi_offset 3, -8
ARM GAS  /tmp/ccMUa3re.s 			page 8


 218              		.cfi_offset 14, -4
 192:Core/Src/stm32f4xx_it.c ****   /* USER CODE BEGIN DMA2_Stream1_IRQn 0 */
 193:Core/Src/stm32f4xx_it.c **** 
 194:Core/Src/stm32f4xx_it.c ****   /* USER CODE END DMA2_Stream1_IRQn 0 */
 195:Core/Src/stm32f4xx_it.c ****   HAL_DMA_IRQHandler(&hdma_usart6_rx);
 219              		.loc 1 195 3 view .LVU31
 220 0002 0248     		ldr	r0, .L18
 221 0004 FFF7FEFF 		bl	HAL_DMA_IRQHandler
 222              	.LVL3:
 196:Core/Src/stm32f4xx_it.c ****   /* USER CODE BEGIN DMA2_Stream1_IRQn 1 */
 197:Core/Src/stm32f4xx_it.c **** 
 198:Core/Src/stm32f4xx_it.c ****   /* USER CODE END DMA2_Stream1_IRQn 1 */
 199:Core/Src/stm32f4xx_it.c **** }
 223              		.loc 1 199 1 is_stmt 0 view .LVU32
 224 0008 08BD     		pop	{r3, pc}
 225              	.L19:
 226 000a 00BF     		.align	2
 227              	.L18:
 228 000c 00000000 		.word	hdma_usart6_rx
 229              		.cfi_endproc
 230              	.LFE145:
 232              		.section	.text.DMA2_Stream6_IRQHandler,"ax",%progbits
 233              		.align	1
 234              		.global	DMA2_Stream6_IRQHandler
 235              		.syntax unified
 236              		.thumb
 237              		.thumb_func
 238              		.fpu fpv4-sp-d16
 240              	DMA2_Stream6_IRQHandler:
 241              	.LFB146:
 200:Core/Src/stm32f4xx_it.c **** 
 201:Core/Src/stm32f4xx_it.c **** /**
 202:Core/Src/stm32f4xx_it.c ****   * @brief This function handles DMA2 stream6 global interrupt.
 203:Core/Src/stm32f4xx_it.c ****   */
 204:Core/Src/stm32f4xx_it.c **** void DMA2_Stream6_IRQHandler(void)
 205:Core/Src/stm32f4xx_it.c **** {
 242              		.loc 1 205 1 is_stmt 1 view -0
 243              		.cfi_startproc
 244              		@ args = 0, pretend = 0, frame = 0
 245              		@ frame_needed = 0, uses_anonymous_args = 0
 246 0000 08B5     		push	{r3, lr}
 247              	.LCFI2:
 248              		.cfi_def_cfa_offset 8
 249              		.cfi_offset 3, -8
 250              		.cfi_offset 14, -4
 206:Core/Src/stm32f4xx_it.c ****   /* USER CODE BEGIN DMA2_Stream6_IRQn 0 */
 207:Core/Src/stm32f4xx_it.c **** 
 208:Core/Src/stm32f4xx_it.c ****   /* USER CODE END DMA2_Stream6_IRQn 0 */
 209:Core/Src/stm32f4xx_it.c ****   HAL_DMA_IRQHandler(&hdma_usart6_tx);
 251              		.loc 1 209 3 view .LVU34
 252 0002 0248     		ldr	r0, .L22
 253 0004 FFF7FEFF 		bl	HAL_DMA_IRQHandler
 254              	.LVL4:
 210:Core/Src/stm32f4xx_it.c ****   /* USER CODE BEGIN DMA2_Stream6_IRQn 1 */
 211:Core/Src/stm32f4xx_it.c **** 
 212:Core/Src/stm32f4xx_it.c ****   /* USER CODE END DMA2_Stream6_IRQn 1 */
 213:Core/Src/stm32f4xx_it.c **** }
ARM GAS  /tmp/ccMUa3re.s 			page 9


 255              		.loc 1 213 1 is_stmt 0 view .LVU35
 256 0008 08BD     		pop	{r3, pc}
 257              	.L23:
 258 000a 00BF     		.align	2
 259              	.L22:
 260 000c 00000000 		.word	hdma_usart6_tx
 261              		.cfi_endproc
 262              	.LFE146:
 264              		.section	.text.USART6_IRQHandler,"ax",%progbits
 265              		.align	1
 266              		.global	USART6_IRQHandler
 267              		.syntax unified
 268              		.thumb
 269              		.thumb_func
 270              		.fpu fpv4-sp-d16
 272              	USART6_IRQHandler:
 273              	.LFB147:
 214:Core/Src/stm32f4xx_it.c **** 
 215:Core/Src/stm32f4xx_it.c **** /**
 216:Core/Src/stm32f4xx_it.c ****   * @brief This function handles USART6 global interrupt.
 217:Core/Src/stm32f4xx_it.c ****   */
 218:Core/Src/stm32f4xx_it.c **** void USART6_IRQHandler(void)
 219:Core/Src/stm32f4xx_it.c **** {
 274              		.loc 1 219 1 is_stmt 1 view -0
 275              		.cfi_startproc
 276              		@ args = 0, pretend = 0, frame = 0
 277              		@ frame_needed = 0, uses_anonymous_args = 0
 278 0000 08B5     		push	{r3, lr}
 279              	.LCFI3:
 280              		.cfi_def_cfa_offset 8
 281              		.cfi_offset 3, -8
 282              		.cfi_offset 14, -4
 220:Core/Src/stm32f4xx_it.c ****   /* USER CODE BEGIN USART6_IRQn 0 */
 221:Core/Src/stm32f4xx_it.c **** 
 222:Core/Src/stm32f4xx_it.c ****   /* USER CODE END USART6_IRQn 0 */
 223:Core/Src/stm32f4xx_it.c ****   HAL_UART_IRQHandler(&huart6);
 283              		.loc 1 223 3 view .LVU37
 284 0002 0248     		ldr	r0, .L26
 285 0004 FFF7FEFF 		bl	HAL_UART_IRQHandler
 286              	.LVL5:
 224:Core/Src/stm32f4xx_it.c ****   /* USER CODE BEGIN USART6_IRQn 1 */
 225:Core/Src/stm32f4xx_it.c **** 
 226:Core/Src/stm32f4xx_it.c ****   /* USER CODE END USART6_IRQn 1 */
 227:Core/Src/stm32f4xx_it.c **** }
 287              		.loc 1 227 1 is_stmt 0 view .LVU38
 288 0008 08BD     		pop	{r3, pc}
 289              	.L27:
 290 000a 00BF     		.align	2
 291              	.L26:
 292 000c 00000000 		.word	huart6
 293              		.cfi_endproc
 294              	.LFE147:
 296              		.text
 297              	.Letext0:
 298              		.file 2 "/usr/lib/gcc/arm-none-eabi/10.3.1/include/stdint.h"
 299              		.file 3 "Drivers/CMSIS/Device/ST/STM32F4xx/Include/stm32f405xx.h"
 300              		.file 4 "Drivers/STM32F4xx_HAL_Driver/Inc/stm32f4xx_hal_def.h"
ARM GAS  /tmp/ccMUa3re.s 			page 10


 301              		.file 5 "Drivers/STM32F4xx_HAL_Driver/Inc/stm32f4xx_hal_dma.h"
 302              		.file 6 "Drivers/STM32F4xx_HAL_Driver/Inc/stm32f4xx_hal_uart.h"
 303              		.file 7 "Middlewares/Third_Party/FreeRTOS/Source/portable/GCC/ARM_CM4F/portmacro.h"
 304              		.file 8 "Drivers/STM32F4xx_HAL_Driver/Inc/stm32f4xx_hal.h"
 305              		.file 9 "Middlewares/Third_Party/FreeRTOS/Source/include/task.h"
 306              		.file 10 "Core/Inc/FreeRTOSConfig.h"
ARM GAS  /tmp/ccMUa3re.s 			page 11


DEFINED SYMBOLS
                            *ABS*:0000000000000000 stm32f4xx_it.c
     /tmp/ccMUa3re.s:18     .text.NMI_Handler:0000000000000000 $t
     /tmp/ccMUa3re.s:26     .text.NMI_Handler:0000000000000000 NMI_Handler
     /tmp/ccMUa3re.s:44     .text.HardFault_Handler:0000000000000000 $t
     /tmp/ccMUa3re.s:51     .text.HardFault_Handler:0000000000000000 HardFault_Handler
     /tmp/ccMUa3re.s:68     .text.MemManage_Handler:0000000000000000 $t
     /tmp/ccMUa3re.s:75     .text.MemManage_Handler:0000000000000000 MemManage_Handler
     /tmp/ccMUa3re.s:92     .text.BusFault_Handler:0000000000000000 $t
     /tmp/ccMUa3re.s:99     .text.BusFault_Handler:0000000000000000 BusFault_Handler
     /tmp/ccMUa3re.s:116    .text.UsageFault_Handler:0000000000000000 $t
     /tmp/ccMUa3re.s:123    .text.UsageFault_Handler:0000000000000000 UsageFault_Handler
     /tmp/ccMUa3re.s:140    .text.DebugMon_Handler:0000000000000000 $t
     /tmp/ccMUa3re.s:147    .text.DebugMon_Handler:0000000000000000 DebugMon_Handler
     /tmp/ccMUa3re.s:160    .text.SysTick_Handler:0000000000000000 $t
     /tmp/ccMUa3re.s:167    .text.SysTick_Handler:0000000000000000 SysTick_Handler
     /tmp/ccMUa3re.s:201    .text.DMA2_Stream1_IRQHandler:0000000000000000 $t
     /tmp/ccMUa3re.s:208    .text.DMA2_Stream1_IRQHandler:0000000000000000 DMA2_Stream1_IRQHandler
     /tmp/ccMUa3re.s:228    .text.DMA2_Stream1_IRQHandler:000000000000000c $d
     /tmp/ccMUa3re.s:233    .text.DMA2_Stream6_IRQHandler:0000000000000000 $t
     /tmp/ccMUa3re.s:240    .text.DMA2_Stream6_IRQHandler:0000000000000000 DMA2_Stream6_IRQHandler
     /tmp/ccMUa3re.s:260    .text.DMA2_Stream6_IRQHandler:000000000000000c $d
     /tmp/ccMUa3re.s:265    .text.USART6_IRQHandler:0000000000000000 $t
     /tmp/ccMUa3re.s:272    .text.USART6_IRQHandler:0000000000000000 USART6_IRQHandler
     /tmp/ccMUa3re.s:292    .text.USART6_IRQHandler:000000000000000c $d

UNDEFINED SYMBOLS
HAL_IncTick
xTaskGetSchedulerState
xPortSysTickHandler
HAL_DMA_IRQHandler
hdma_usart6_rx
hdma_usart6_tx
HAL_UART_IRQHandler
huart6
